2025-08-11 23:55:15,753 - INFO - Running strategy for /NQ at 2025-08-11 17:55:15.753303-04:00 with params: Schwab_QTY=0, Tasty_QTY=0 TRENDS=(1, EMA), (1, EMA)
2025-08-11 23:55:36,318 - ERROR - Error in main loop for /NQ: get_strategy_prarams() missing 1 required positional argument: 'logger'
Traceback (most recent call last):
  File "D:\sde\Tim\tasty-schwab-trader-BE\main_equities.py", line 46, in main_strategy_loop
    [timeframe, *_] = get_strategy_prarams(ticker, logger)
TypeError: get_strategy_prarams() missing 1 required positional argument: 'logger'
2025-08-11 23:56:15,540 - INFO - Running strategy for /NQ at 2025-08-11 17:56:15.540467-04:00 with params: Schwab_QTY=0, Tasty_QTY=0 TRENDS=(1, EMA), (1, EMA)
2025-08-11 23:56:35,658 - ERROR - Error in main loop for /NQ: get_strategy_prarams() missing 1 required positional argument: 'logger'
Traceback (most recent call last):
  File "D:\sde\Tim\tasty-schwab-trader-BE\main_equities.py", line 46, in main_strategy_loop
    [timeframe, *_] = get_strategy_prarams(ticker, logger)
TypeError: get_strategy_prarams() missing 1 required positional argument: 'logger'
2025-08-11 23:59:16,542 - INFO - Running strategy for /NQ at 2025-08-11 17:59:16.542047-04:00 with params: Schwab_QTY=0, Tasty_QTY=0 TRENDS=(1, EMA), (1, EMA)
2025-08-11 23:59:37,517 - ERROR - Error in main loop for /NQ: get_strategy_prarams() missing 1 required positional argument: 'logger'
Traceback (most recent call last):
  File "D:\sde\Tim\tasty-schwab-trader-BE\main_equities.py", line 46, in main_strategy_loop
    [timeframe, *_] = get_strategy_prarams(ticker, logger)
TypeError: get_strategy_prarams() missing 1 required positional argument: 'logger'
2025-08-12 00:01:01,700 - INFO - Running strategy for /NQ at 2025-08-11 18:01:01.700055-04:00 with params: Schwab_QTY=0, Tasty_QTY=0 TRENDS=(1, EMA), (1, EMA)
2025-08-12 00:01:22,395 - ERROR - Error in main loop for /NQ: get_strategy_prarams() missing 1 required positional argument: 'logger'
Traceback (most recent call last):
  File "D:\sde\Tim\tasty-schwab-trader-BE\main_equities.py", line 46, in main_strategy_loop
    [timeframe, *_] = get_strategy_prarams(ticker, logger)
TypeError: get_strategy_prarams() missing 1 required positional argument: 'logger'
2025-08-12 00:05:05,050 - INFO - Running strategy for /NQ at 2025-08-11 18:05:05.050779-04:00 with params: Schwab_QTY=0, Tasty_QTY=0 TRENDS=(1, EMA), (1, EMA)
2025-08-12 00:05:21,523 - ERROR - Error in main loop for /NQ: get_strategy_prarams() missing 1 required positional argument: 'logger'
Traceback (most recent call last):
  File "D:\sde\Tim\tasty-schwab-trader-BE\main_equities.py", line 46, in main_strategy_loop
    [timeframe, *_] = get_strategy_prarams(ticker, logger)
TypeError: get_strategy_prarams() missing 1 required positional argument: 'logger'
2025-08-12 00:18:36,458 - INFO - Running strategy for /NQ at 2025-08-11 18:18:36.458459-04:00 with params: Schwab_QTY=0, Tasty_QTY=0 TRENDS=(1, EMA), (1, EMA)
2025-08-12 00:18:38,308 - ERROR - Error in strategy for /NQ: get_tick_based_data() takes 5 positional arguments but 6 were given
Traceback (most recent call last):
  File "D:\sde\Tim\tasty-schwab-trader-BE\ema_strategy.py", line 50, in ema_strategy
    df = get_historical_and_live_data(
  File "D:\sde\Tim\tasty-schwab-trader-BE\get_historical_data.py", line 136, in get_historical_and_live_data
    return get_historical_data(ticker, timeframe, logger)
  File "D:\sde\Tim\tasty-schwab-trader-BE\get_historical_data.py", line 130, in get_historical_data
    df = get_tick_based_data(tick_size, dataset, start_time, end_time, instrument_id, symbol)
TypeError: get_tick_based_data() takes 5 positional arguments but 6 were given
2025-08-12 00:18:38,608 - ERROR - Error in main loop for /NQ: get_strategy_prarams() missing 1 required positional argument: 'logger'
Traceback (most recent call last):
  File "D:\sde\Tim\tasty-schwab-trader-BE\main_equities.py", line 46, in main_strategy_loop
    [timeframe, *_] = get_strategy_prarams(ticker, logger)
TypeError: get_strategy_prarams() missing 1 required positional argument: 'logger'
2025-08-12 00:19:32,054 - INFO - Running strategy for /NQ at 2025-08-11 18:19:32.054346-04:00 with params: Schwab_QTY=0, Tasty_QTY=0 TRENDS=(1, EMA), (1, EMA)
2025-08-12 00:19:34,879 - ERROR - Error in strategy for /NQ: get_tick_based_data() takes 5 positional arguments but 6 were given
Traceback (most recent call last):
  File "D:\sde\Tim\tasty-schwab-trader-BE\ema_strategy.py", line 50, in ema_strategy
    df = get_historical_and_live_data(
  File "D:\sde\Tim\tasty-schwab-trader-BE\get_historical_data.py", line 136, in get_historical_and_live_data
    return get_historical_data(ticker, timeframe, logger)
  File "D:\sde\Tim\tasty-schwab-trader-BE\get_historical_data.py", line 130, in get_historical_data
    df = get_tick_based_data(tick_size, dataset, start_time, end_time, instrument_id, symbol)
TypeError: get_tick_based_data() takes 5 positional arguments but 6 were given
2025-08-12 00:19:35,137 - ERROR - Error in main loop for /NQ: get_strategy_prarams() missing 1 required positional argument: 'logger'
Traceback (most recent call last):
  File "D:\sde\Tim\tasty-schwab-trader-BE\main_equities.py", line 46, in main_strategy_loop
    [timeframe, *_] = get_strategy_prarams(ticker, logger)
TypeError: get_strategy_prarams() missing 1 required positional argument: 'logger'
2025-08-12 00:20:46,456 - INFO - Running strategy for /NQ at 2025-08-11 18:20:46.456627-04:00 with params: Schwab_QTY=0, Tasty_QTY=0 TRENDS=(1, EMA), (1, EMA)
2025-08-12 00:20:49,047 - ERROR - Error in strategy for /NQ: get_tick_based_data() takes 5 positional arguments but 6 were given
Traceback (most recent call last):
  File "D:\sde\Tim\tasty-schwab-trader-BE\ema_strategy.py", line 50, in ema_strategy
    df = get_historical_and_live_data(
  File "D:\sde\Tim\tasty-schwab-trader-BE\get_historical_data.py", line 136, in get_historical_and_live_data
    return get_historical_data(ticker, timeframe, logger)
  File "D:\sde\Tim\tasty-schwab-trader-BE\get_historical_data.py", line 130, in get_historical_data
    df = get_tick_based_data(tick_size, dataset, start_time, end_time, instrument_id, symbol)
TypeError: get_tick_based_data() takes 5 positional arguments but 6 were given
2025-08-12 00:20:49,777 - ERROR - Error in main loop for /NQ: get_strategy_prarams() missing 1 required positional argument: 'logger'
Traceback (most recent call last):
  File "D:\sde\Tim\tasty-schwab-trader-BE\main_equities.py", line 46, in main_strategy_loop
    [timeframe, *_] = get_strategy_prarams(ticker, logger)
TypeError: get_strategy_prarams() missing 1 required positional argument: 'logger'
