2025-08-11 14:46:35,739 - INFO - Skipping  strategy for TSLA, trade flag is FALSE.
2025-08-11 15:10:27,777 - INFO - Skipping  strategy for TSLA, trade flag is FALSE.
2025-08-11 15:14:52,547 - INFO - Skipping  strategy for TSLA, trade flag is FALSE.
2025-08-11 18:16:59,639 - INFO - Skipping  strategy for TSLA, trade flag is FALSE.
2025-08-11 18:17:01,252 - ERROR - Error in main loop for TSLA: get_strategy_prarams() missing 1 required positional argument: 'logger'
Traceback (most recent call last):
  File "D:\work\work\Tim McKenna\Tim\backend\main_equities.py", line 60, in main_strategy_loop
    [timeframe, *_] = get_strategy_prarams(ticker, logger)
                      ~~~~~~~~~~~~~~~~~~~~^^^^^^^^^^^^^^^^
TypeError: get_strategy_prarams() missing 1 required positional argument: 'logger'
2025-08-11 20:02:11,853 - INFO - Skipping  strategy for TSLA, trade flag is FALSE.
2025-08-11 20:02:12,425 - ERROR - Error in main loop for TSLA: get_strategy_prarams() missing 1 required positional argument: 'logger'
Traceback (most recent call last):
  File "D:\work\work\Tim McKenna\Tim\backend\main_equities.py", line 60, in main_strategy_loop
    [timeframe, *_] = get_strategy_prarams(ticker, logger)
                      ~~~~~~~~~~~~~~~~~~~~^^^^^^^^^^^^^^^^
TypeError: get_strategy_prarams() missing 1 required positional argument: 'logger'
2025-08-11 20:05:48,091 - INFO - Skipping  strategy for TSLA, trade flag is FALSE.
2025-08-11 20:05:49,198 - ERROR - Error in main loop for TSLA: get_strategy_prarams() missing 1 required positional argument: 'logger'
Traceback (most recent call last):
  File "D:\work\work\Tim McKenna\Tim\backend\main_equities.py", line 60, in main_strategy_loop
    [timeframe, *_] = get_strategy_prarams(ticker, logger)
                      ~~~~~~~~~~~~~~~~~~~~^^^^^^^^^^^^^^^^
TypeError: get_strategy_prarams() missing 1 required positional argument: 'logger'
2025-08-11 20:06:11,283 - INFO - Skipping  strategy for TSLA, trade flag is FALSE.
2025-08-11 20:06:12,372 - ERROR - Error in main loop for TSLA: get_strategy_prarams() missing 1 required positional argument: 'logger'
Traceback (most recent call last):
  File "D:\work\work\Tim McKenna\Tim\backend\main_equities.py", line 60, in main_strategy_loop
    [timeframe, *_] = get_strategy_prarams(ticker, logger)
                      ~~~~~~~~~~~~~~~~~~~~^^^^^^^^^^^^^^^^
TypeError: get_strategy_prarams() missing 1 required positional argument: 'logger'
2025-08-11 21:18:22,169 - INFO - Skipping  strategy for TSLA, trade flag is FALSE.
2025-08-11 21:18:22,695 - ERROR - Error in main loop for TSLA: get_strategy_prarams() missing 1 required positional argument: 'logger'
Traceback (most recent call last):
  File "D:\work\work\Tim McKenna\Tim\backend\main_equities.py", line 60, in main_strategy_loop
    [timeframe, *_] = get_strategy_prarams(ticker, logger)
                      ~~~~~~~~~~~~~~~~~~~~^^^^^^^^^^^^^^^^
TypeError: get_strategy_prarams() missing 1 required positional argument: 'logger'
2025-08-11 21:20:17,921 - INFO - Skipping  strategy for TSLA, trade flag is FALSE.
2025-08-11 21:20:18,369 - ERROR - Error in main loop for TSLA: get_strategy_prarams() missing 1 required positional argument: 'logger'
Traceback (most recent call last):
  File "D:\work\work\Tim McKenna\Tim\backend\main_equities.py", line 60, in main_strategy_loop
    [timeframe, *_] = get_strategy_prarams(ticker, logger)
                      ~~~~~~~~~~~~~~~~~~~~^^^^^^^^^^^^^^^^
TypeError: get_strategy_prarams() missing 1 required positional argument: 'logger'
2025-08-11 21:20:34,654 - INFO - Skipping  strategy for TSLA, trade flag is FALSE.
2025-08-11 21:20:34,654 - INFO - Skipping  strategy for TSLA, trade flag is FALSE.
2025-08-11 21:20:35,067 - ERROR - Error in main loop for TSLA: get_strategy_prarams() missing 1 required positional argument: 'logger'
Traceback (most recent call last):
  File "D:\work\work\Tim McKenna\Tim\backend\main_equities.py", line 60, in main_strategy_loop
    [timeframe, *_] = get_strategy_prarams(ticker, logger)
                      ~~~~~~~~~~~~~~~~~~~~^^^^^^^^^^^^^^^^
TypeError: get_strategy_prarams() missing 1 required positional argument: 'logger'
2025-08-11 21:20:35,067 - ERROR - Error in main loop for TSLA: get_strategy_prarams() missing 1 required positional argument: 'logger'
Traceback (most recent call last):
  File "D:\work\work\Tim McKenna\Tim\backend\main_equities.py", line 60, in main_strategy_loop
    [timeframe, *_] = get_strategy_prarams(ticker, logger)
                      ~~~~~~~~~~~~~~~~~~~~^^^^^^^^^^^^^^^^
TypeError: get_strategy_prarams() missing 1 required positional argument: 'logger'
2025-08-11 21:21:03,361 - INFO - Skipping  strategy for TSLA, trade flag is FALSE.
2025-08-11 21:21:03,834 - ERROR - Error in main loop for TSLA: get_strategy_prarams() missing 1 required positional argument: 'logger'
Traceback (most recent call last):
  File "D:\work\work\Tim McKenna\Tim\backend\main_equities.py", line 60, in main_strategy_loop
    [timeframe, *_] = get_strategy_prarams(ticker, logger)
                      ~~~~~~~~~~~~~~~~~~~~^^^^^^^^^^^^^^^^
TypeError: get_strategy_prarams() missing 1 required positional argument: 'logger'
2025-08-11 21:21:30,712 - INFO - Skipping  strategy for TSLA, trade flag is FALSE.
2025-08-11 21:21:31,208 - ERROR - Error in main loop for TSLA: get_strategy_prarams() missing 1 required positional argument: 'logger'
Traceback (most recent call last):
  File "D:\work\work\Tim McKenna\Tim\backend\main_equities.py", line 60, in main_strategy_loop
    [timeframe, *_] = get_strategy_prarams(ticker, logger)
                      ~~~~~~~~~~~~~~~~~~~~^^^^^^^^^^^^^^^^
TypeError: get_strategy_prarams() missing 1 required positional argument: 'logger'
2025-08-11 21:33:00,589 - INFO - Skipping  strategy for TSLA, trade flag is FALSE.
2025-08-11 21:33:01,106 - ERROR - Error in main loop for TSLA: get_strategy_prarams() missing 1 required positional argument: 'logger'
Traceback (most recent call last):
  File "D:\work\work\Tim McKenna\Tim\backend\main_equities.py", line 60, in main_strategy_loop
    [timeframe, *_] = get_strategy_prarams(ticker, logger)
                      ~~~~~~~~~~~~~~~~~~~~^^^^^^^^^^^^^^^^
TypeError: get_strategy_prarams() missing 1 required positional argument: 'logger'
2025-08-11 21:33:33,425 - INFO - Skipping  strategy for TSLA, trade flag is FALSE.
2025-08-11 21:33:33,871 - ERROR - Error in main loop for TSLA: get_strategy_prarams() missing 1 required positional argument: 'logger'
Traceback (most recent call last):
  File "D:\work\work\Tim McKenna\Tim\backend\main_equities.py", line 60, in main_strategy_loop
    [timeframe, *_] = get_strategy_prarams(ticker, logger)
                      ~~~~~~~~~~~~~~~~~~~~^^^^^^^^^^^^^^^^
TypeError: get_strategy_prarams() missing 1 required positional argument: 'logger'
2025-08-11 21:34:25,091 - INFO - Skipping  strategy for TSLA, trade flag is FALSE.
2025-08-11 21:34:25,759 - ERROR - Error in main loop for TSLA: get_strategy_prarams() missing 1 required positional argument: 'logger'
Traceback (most recent call last):
  File "D:\work\work\Tim McKenna\Tim\backend\main_equities.py", line 60, in main_strategy_loop
    [timeframe, *_] = get_strategy_prarams(ticker, logger)
                      ~~~~~~~~~~~~~~~~~~~~^^^^^^^^^^^^^^^^
TypeError: get_strategy_prarams() missing 1 required positional argument: 'logger'
2025-08-11 21:34:58,454 - INFO - Skipping  strategy for TSLA, trade flag is FALSE.
2025-08-11 21:34:58,989 - ERROR - Error in main loop for TSLA: get_strategy_prarams() missing 1 required positional argument: 'logger'
Traceback (most recent call last):
  File "D:\work\work\Tim McKenna\Tim\backend\main_equities.py", line 60, in main_strategy_loop
    [timeframe, *_] = get_strategy_prarams(ticker, logger)
                      ~~~~~~~~~~~~~~~~~~~~^^^^^^^^^^^^^^^^
TypeError: get_strategy_prarams() missing 1 required positional argument: 'logger'
2025-08-11 21:35:38,195 - INFO - Skipping  strategy for TSLA, trade flag is FALSE.
2025-08-11 21:35:38,894 - ERROR - Error in main loop for TSLA: get_strategy_prarams() missing 1 required positional argument: 'logger'
Traceback (most recent call last):
  File "D:\work\work\Tim McKenna\Tim\backend\main_equities.py", line 60, in main_strategy_loop
    [timeframe, *_] = get_strategy_prarams(ticker, logger)
                      ~~~~~~~~~~~~~~~~~~~~^^^^^^^^^^^^^^^^
TypeError: get_strategy_prarams() missing 1 required positional argument: 'logger'
2025-08-11 21:36:04,944 - INFO - Skipping  strategy for TSLA, trade flag is FALSE.
2025-08-11 21:36:05,368 - ERROR - Error in main loop for TSLA: get_strategy_prarams() missing 1 required positional argument: 'logger'
Traceback (most recent call last):
  File "D:\work\work\Tim McKenna\Tim\backend\main_equities.py", line 60, in main_strategy_loop
    [timeframe, *_] = get_strategy_prarams(ticker, logger)
                      ~~~~~~~~~~~~~~~~~~~~^^^^^^^^^^^^^^^^
TypeError: get_strategy_prarams() missing 1 required positional argument: 'logger'
2025-08-11 21:37:18,283 - INFO - Skipping  strategy for TSLA, trade flag is FALSE.
2025-08-11 21:37:19,006 - ERROR - Error in main loop for TSLA: get_strategy_prarams() missing 1 required positional argument: 'logger'
Traceback (most recent call last):
  File "D:\work\work\Tim McKenna\Tim\backend\main_equities.py", line 60, in main_strategy_loop
    [timeframe, *_] = get_strategy_prarams(ticker, logger)
                      ~~~~~~~~~~~~~~~~~~~~^^^^^^^^^^^^^^^^
TypeError: get_strategy_prarams() missing 1 required positional argument: 'logger'
2025-08-11 21:38:23,660 - INFO - Skipping  strategy for TSLA, trade flag is FALSE.
2025-08-11 21:38:24,399 - ERROR - Error in main loop for TSLA: get_strategy_prarams() missing 1 required positional argument: 'logger'
Traceback (most recent call last):
  File "D:\work\work\Tim McKenna\Tim\backend\main_equities.py", line 60, in main_strategy_loop
    [timeframe, *_] = get_strategy_prarams(ticker, logger)
                      ~~~~~~~~~~~~~~~~~~~~^^^^^^^^^^^^^^^^
TypeError: get_strategy_prarams() missing 1 required positional argument: 'logger'
2025-08-11 21:38:44,315 - INFO - Skipping  strategy for TSLA, trade flag is FALSE.
2025-08-11 21:38:44,715 - ERROR - Error in main loop for TSLA: get_strategy_prarams() missing 1 required positional argument: 'logger'
Traceback (most recent call last):
  File "D:\work\work\Tim McKenna\Tim\backend\main_equities.py", line 60, in main_strategy_loop
    [timeframe, *_] = get_strategy_prarams(ticker, logger)
                      ~~~~~~~~~~~~~~~~~~~~^^^^^^^^^^^^^^^^
TypeError: get_strategy_prarams() missing 1 required positional argument: 'logger'
2025-08-11 21:39:11,030 - INFO - Skipping  strategy for TSLA, trade flag is FALSE.
2025-08-11 21:39:11,537 - ERROR - Error in main loop for TSLA: get_strategy_prarams() missing 1 required positional argument: 'logger'
Traceback (most recent call last):
  File "D:\work\work\Tim McKenna\Tim\backend\main_equities.py", line 60, in main_strategy_loop
    [timeframe, *_] = get_strategy_prarams(ticker, logger)
                      ~~~~~~~~~~~~~~~~~~~~^^^^^^^^^^^^^^^^
TypeError: get_strategy_prarams() missing 1 required positional argument: 'logger'
2025-08-11 21:41:42,572 - INFO - Skipping  strategy for TSLA, trade flag is FALSE.
2025-08-11 21:41:43,237 - ERROR - Error in main loop for TSLA: get_strategy_prarams() missing 1 required positional argument: 'logger'
Traceback (most recent call last):
  File "D:\work\work\Tim McKenna\Tim\backend\main_equities.py", line 60, in main_strategy_loop
    [timeframe, *_] = get_strategy_prarams(ticker, logger)
                      ~~~~~~~~~~~~~~~~~~~~^^^^^^^^^^^^^^^^
TypeError: get_strategy_prarams() missing 1 required positional argument: 'logger'
2025-08-11 21:43:31,660 - INFO - Skipping  strategy for TSLA, trade flag is FALSE.
2025-08-11 21:43:32,179 - ERROR - Error in main loop for TSLA: get_strategy_prarams() missing 1 required positional argument: 'logger'
Traceback (most recent call last):
  File "D:\work\work\Tim McKenna\Tim\backend\main_equities.py", line 60, in main_strategy_loop
    [timeframe, *_] = get_strategy_prarams(ticker, logger)
                      ~~~~~~~~~~~~~~~~~~~~^^^^^^^^^^^^^^^^
TypeError: get_strategy_prarams() missing 1 required positional argument: 'logger'
2025-08-11 21:45:49,974 - INFO - Skipping  strategy for TSLA, trade flag is FALSE.
2025-08-11 21:45:50,562 - ERROR - Error in main loop for TSLA: get_strategy_prarams() missing 1 required positional argument: 'logger'
Traceback (most recent call last):
  File "D:\work\work\Tim McKenna\Tim\backend\main_equities.py", line 60, in main_strategy_loop
    [timeframe, *_] = get_strategy_prarams(ticker, logger)
                      ~~~~~~~~~~~~~~~~~~~~^^^^^^^^^^^^^^^^
TypeError: get_strategy_prarams() missing 1 required positional argument: 'logger'
2025-08-11 21:48:07,780 - INFO - Skipping  strategy for TSLA, trade flag is FALSE.
2025-08-11 21:48:08,509 - ERROR - Error in main loop for TSLA: get_strategy_prarams() missing 1 required positional argument: 'logger'
Traceback (most recent call last):
  File "D:\work\work\Tim McKenna\Tim\backend\main_equities.py", line 60, in main_strategy_loop
    [timeframe, *_] = get_strategy_prarams(ticker, logger)
                      ~~~~~~~~~~~~~~~~~~~~^^^^^^^^^^^^^^^^
TypeError: get_strategy_prarams() missing 1 required positional argument: 'logger'
2025-08-11 21:51:24,932 - INFO - Skipping  strategy for TSLA, trade flag is FALSE.
2025-08-11 21:51:25,646 - ERROR - Error in main loop for TSLA: get_strategy_prarams() missing 1 required positional argument: 'logger'
Traceback (most recent call last):
  File "D:\work\work\Tim McKenna\Tim\backend\main_equities.py", line 60, in main_strategy_loop
    [timeframe, *_] = get_strategy_prarams(ticker, logger)
                      ~~~~~~~~~~~~~~~~~~~~^^^^^^^^^^^^^^^^
TypeError: get_strategy_prarams() missing 1 required positional argument: 'logger'
2025-08-11 21:53:18,410 - INFO - Skipping  strategy for TSLA, trade flag is FALSE.
2025-08-11 21:53:19,049 - ERROR - Error in main loop for TSLA: get_strategy_prarams() missing 1 required positional argument: 'logger'
Traceback (most recent call last):
  File "D:\work\work\Tim McKenna\Tim\backend\main_equities.py", line 60, in main_strategy_loop
    [timeframe, *_] = get_strategy_prarams(ticker, logger)
                      ~~~~~~~~~~~~~~~~~~~~^^^^^^^^^^^^^^^^
TypeError: get_strategy_prarams() missing 1 required positional argument: 'logger'
2025-08-11 21:55:16,795 - INFO - Skipping  strategy for TSLA, trade flag is FALSE.
2025-08-11 21:55:17,252 - ERROR - Error in main loop for TSLA: get_strategy_prarams() missing 1 required positional argument: 'logger'
Traceback (most recent call last):
  File "D:\work\work\Tim McKenna\Tim\backend\main_equities.py", line 60, in main_strategy_loop
    [timeframe, *_] = get_strategy_prarams(ticker, logger)
                      ~~~~~~~~~~~~~~~~~~~~^^^^^^^^^^^^^^^^
TypeError: get_strategy_prarams() missing 1 required positional argument: 'logger'
2025-08-11 21:56:30,189 - INFO - Skipping  strategy for TSLA, trade flag is FALSE.
2025-08-11 21:56:30,660 - ERROR - Error in main loop for TSLA: get_strategy_prarams() missing 1 required positional argument: 'logger'
Traceback (most recent call last):
  File "D:\work\work\Tim McKenna\Tim\backend\main_equities.py", line 60, in main_strategy_loop
    [timeframe, *_] = get_strategy_prarams(ticker, logger)
                      ~~~~~~~~~~~~~~~~~~~~^^^^^^^^^^^^^^^^
TypeError: get_strategy_prarams() missing 1 required positional argument: 'logger'
2025-08-11 22:01:22,036 - INFO - Skipping  strategy for TSLA, trade flag is FALSE.
2025-08-11 22:01:22,517 - ERROR - Error in main loop for TSLA: get_strategy_prarams() missing 1 required positional argument: 'logger'
Traceback (most recent call last):
  File "D:\work\work\Tim McKenna\Tim\backend\main_equities.py", line 60, in main_strategy_loop
    [timeframe, *_] = get_strategy_prarams(ticker, logger)
                      ~~~~~~~~~~~~~~~~~~~~^^^^^^^^^^^^^^^^
TypeError: get_strategy_prarams() missing 1 required positional argument: 'logger'
2025-08-11 22:01:44,193 - INFO - Skipping  strategy for TSLA, trade flag is FALSE.
2025-08-11 22:01:44,633 - ERROR - Error in main loop for TSLA: get_strategy_prarams() missing 1 required positional argument: 'logger'
Traceback (most recent call last):
  File "D:\work\work\Tim McKenna\Tim\backend\main_equities.py", line 60, in main_strategy_loop
    [timeframe, *_] = get_strategy_prarams(ticker, logger)
                      ~~~~~~~~~~~~~~~~~~~~^^^^^^^^^^^^^^^^
TypeError: get_strategy_prarams() missing 1 required positional argument: 'logger'
2025-08-11 22:02:01,853 - INFO - Skipping  strategy for TSLA, trade flag is FALSE.
2025-08-11 22:02:02,370 - ERROR - Error in main loop for TSLA: get_strategy_prarams() missing 1 required positional argument: 'logger'
Traceback (most recent call last):
  File "D:\work\work\Tim McKenna\Tim\backend\main_equities.py", line 60, in main_strategy_loop
    [timeframe, *_] = get_strategy_prarams(ticker, logger)
                      ~~~~~~~~~~~~~~~~~~~~^^^^^^^^^^^^^^^^
TypeError: get_strategy_prarams() missing 1 required positional argument: 'logger'
2025-08-11 22:04:14,462 - INFO - Skipping  strategy for TSLA, trade flag is FALSE.
2025-08-11 22:04:14,970 - ERROR - Error in main loop for TSLA: get_strategy_prarams() missing 1 required positional argument: 'logger'
Traceback (most recent call last):
  File "D:\work\work\Tim McKenna\Tim\backend\main_equities.py", line 60, in main_strategy_loop
    [timeframe, *_] = get_strategy_prarams(ticker, logger)
                      ~~~~~~~~~~~~~~~~~~~~^^^^^^^^^^^^^^^^
TypeError: get_strategy_prarams() missing 1 required positional argument: 'logger'
2025-08-11 22:04:48,923 - INFO - Skipping  strategy for TSLA, trade flag is FALSE.
2025-08-11 22:04:49,379 - ERROR - Error in main loop for TSLA: get_strategy_prarams() missing 1 required positional argument: 'logger'
Traceback (most recent call last):
  File "D:\work\work\Tim McKenna\Tim\backend\main_equities.py", line 60, in main_strategy_loop
    [timeframe, *_] = get_strategy_prarams(ticker, logger)
                      ~~~~~~~~~~~~~~~~~~~~^^^^^^^^^^^^^^^^
TypeError: get_strategy_prarams() missing 1 required positional argument: 'logger'
2025-08-11 22:27:17,858 - INFO - Skipping  strategy for TSLA, trade flag is FALSE.
2025-08-11 22:27:18,260 - ERROR - Error in main loop for TSLA: get_strategy_prarams() missing 1 required positional argument: 'logger'
Traceback (most recent call last):
  File "D:\work\work\Tim McKenna\Tim\backend\main_equities.py", line 60, in main_strategy_loop
    [timeframe, *_] = get_strategy_prarams(ticker, logger)
                      ~~~~~~~~~~~~~~~~~~~~^^^^^^^^^^^^^^^^
TypeError: get_strategy_prarams() missing 1 required positional argument: 'logger'
2025-08-11 22:32:20,881 - INFO - Skipping  strategy for TSLA, trade flag is FALSE.
2025-08-11 22:32:21,429 - ERROR - Error in main loop for TSLA: get_strategy_prarams() missing 1 required positional argument: 'logger'
Traceback (most recent call last):
  File "D:\work\work\Tim McKenna\Tim\backend\main_equities.py", line 60, in main_strategy_loop
    [timeframe, *_] = get_strategy_prarams(ticker, logger)
                      ~~~~~~~~~~~~~~~~~~~~^^^^^^^^^^^^^^^^
TypeError: get_strategy_prarams() missing 1 required positional argument: 'logger'
2025-08-11 22:36:15,082 - INFO - Skipping  strategy for TSLA, trade flag is FALSE.
2025-08-11 22:36:15,604 - ERROR - Error in main loop for TSLA: get_strategy_prarams() missing 1 required positional argument: 'logger'
Traceback (most recent call last):
  File "D:\work\work\Tim McKenna\Tim\backend\main_equities.py", line 60, in main_strategy_loop
    [timeframe, *_] = get_strategy_prarams(ticker, logger)
                      ~~~~~~~~~~~~~~~~~~~~^^^^^^^^^^^^^^^^
TypeError: get_strategy_prarams() missing 1 required positional argument: 'logger'
2025-08-11 22:37:53,936 - INFO - Skipping  strategy for TSLA, trade flag is FALSE.
2025-08-11 22:37:54,600 - ERROR - Error in main loop for TSLA: get_strategy_prarams() missing 1 required positional argument: 'logger'
Traceback (most recent call last):
  File "D:\work\work\Tim McKenna\Tim\backend\main_equities.py", line 60, in main_strategy_loop
    [timeframe, *_] = get_strategy_prarams(ticker, logger)
                      ~~~~~~~~~~~~~~~~~~~~^^^^^^^^^^^^^^^^
TypeError: get_strategy_prarams() missing 1 required positional argument: 'logger'
2025-08-11 23:04:07,311 - INFO - Skipping  strategy for TSLA, trade flag is FALSE.
2025-08-11 23:04:08,151 - INFO - Market closed
2025-08-11 23:04:08,151 - ERROR - Error in main loop for TSLA: store_logs() missing 1 required positional argument: 'strategy'
Traceback (most recent call last):
  File "D:\work\work\Tim McKenna\Tim\backend\main_equities.py", line 67, in main_strategy_loop
    store_logs(ticker)
    ~~~~~~~~~~^^^^^^^^
TypeError: store_logs() missing 1 required positional argument: 'strategy'
2025-08-11 23:04:42,591 - INFO - Skipping  strategy for TSLA, trade flag is FALSE.
2025-08-11 23:04:43,079 - INFO - Market closed
2025-08-11 23:04:43,079 - ERROR - Error in main loop for TSLA: store_logs() missing 1 required positional argument: 'strategy'
Traceback (most recent call last):
  File "D:\work\work\Tim McKenna\Tim\backend\main_equities.py", line 67, in main_strategy_loop
    store_logs(ticker)
    ~~~~~~~~~~^^^^^^^^
TypeError: store_logs() missing 1 required positional argument: 'strategy'
2025-08-11 23:05:09,565 - INFO - Skipping  strategy for TSLA, trade flag is FALSE.
2025-08-11 23:05:09,950 - INFO - Market closed
2025-08-11 23:05:09,950 - ERROR - Error in main loop for TSLA: store_logs() missing 1 required positional argument: 'strategy'
Traceback (most recent call last):
  File "D:\work\work\Tim McKenna\Tim\backend\main_equities.py", line 67, in main_strategy_loop
    store_logs(ticker)
    ~~~~~~~~~~^^^^^^^^
TypeError: store_logs() missing 1 required positional argument: 'strategy'
2025-08-11 23:05:56,504 - INFO - Skipping  strategy for TSLA, trade flag is FALSE.
2025-08-11 23:05:57,081 - INFO - Market closed
2025-08-11 23:05:57,082 - ERROR - Error in main loop for TSLA: store_logs() missing 1 required positional argument: 'strategy'
Traceback (most recent call last):
  File "D:\work\work\Tim McKenna\Tim\backend\main_equities.py", line 67, in main_strategy_loop
    store_logs(ticker)
    ~~~~~~~~~~^^^^^^^^
TypeError: store_logs() missing 1 required positional argument: 'strategy'
2025-08-11 23:09:55,905 - INFO - Skipping  strategy for TSLA, trade flag is FALSE.
2025-08-11 23:09:56,527 - INFO - Market closed
2025-08-11 23:09:56,528 - ERROR - Error in main loop for TSLA: store_logs() missing 1 required positional argument: 'strategy'
Traceback (most recent call last):
  File "D:\work\work\Tim McKenna\Tim\backend\main_equities.py", line 67, in main_strategy_loop
    store_logs(ticker)
    ~~~~~~~~~~^^^^^^^^
TypeError: store_logs() missing 1 required positional argument: 'strategy'
2025-08-11 23:11:14,077 - INFO - Skipping  strategy for TSLA, trade flag is FALSE.
2025-08-11 23:11:14,493 - INFO - Market closed
2025-08-11 23:11:14,496 - ERROR - Error in main loop for TSLA: store_logs() missing 1 required positional argument: 'strategy'
Traceback (most recent call last):
  File "D:\work\work\Tim McKenna\Tim\backend\main_equities.py", line 67, in main_strategy_loop
    store_logs(ticker)
    ~~~~~~~~~~^^^^^^^^
TypeError: store_logs() missing 1 required positional argument: 'strategy'
2025-08-11 23:14:12,012 - INFO - Skipping  strategy for TSLA, trade flag is FALSE.
2025-08-11 23:14:12,573 - INFO - Market closed
2025-08-11 23:14:12,573 - ERROR - Error in main loop for TSLA: store_logs() missing 1 required positional argument: 'strategy'
Traceback (most recent call last):
  File "D:\work\work\Tim McKenna\Tim\backend\main_equities.py", line 67, in main_strategy_loop
    store_logs(ticker)
    ~~~~~~~~~~^^^^^^^^
TypeError: store_logs() missing 1 required positional argument: 'strategy'
2025-08-11 23:20:26,408 - INFO - Skipping  strategy for TSLA, trade flag is FALSE.
2025-08-11 23:20:26,923 - INFO - Market closed
2025-08-11 23:20:26,923 - ERROR - Error in main loop for TSLA: store_logs() missing 1 required positional argument: 'strategy'
Traceback (most recent call last):
  File "D:\work\work\Tim McKenna\Tim\backend\main_equities.py", line 67, in main_strategy_loop
    store_logs(ticker)
    ~~~~~~~~~~^^^^^^^^
TypeError: store_logs() missing 1 required positional argument: 'strategy'
2025-08-11 23:30:48,443 - INFO - Skipping  strategy for TSLA, trade flag is FALSE.
2025-08-11 23:30:48,915 - INFO - Market closed
2025-08-11 23:30:48,915 - ERROR - Error in main loop for TSLA: store_logs() missing 1 required positional argument: 'strategy'
Traceback (most recent call last):
  File "D:\work\work\Tim McKenna\Tim\backend\main_equities.py", line 67, in main_strategy_loop
    store_logs(ticker)
    ~~~~~~~~~~^^^^^^^^
TypeError: store_logs() missing 1 required positional argument: 'strategy'
2025-08-11 23:58:03,398 - INFO - Skipping  strategy for TSLA, trade flag is FALSE.
2025-08-11 23:58:03,951 - INFO - Market closed
2025-08-11 23:58:03,951 - ERROR - Error in main loop for TSLA: store_logs() missing 1 required positional argument: 'strategy'
Traceback (most recent call last):
  File "D:\work\work\Tim McKenna\Tim\backend\main_equities.py", line 67, in main_strategy_loop
    store_logs(ticker)
    ~~~~~~~~~~^^^^^^^^
TypeError: store_logs() missing 1 required positional argument: 'strategy'
2025-08-11 23:58:46,001 - INFO - Skipping  strategy for TSLA, trade flag is FALSE.
2025-08-11 23:58:46,443 - INFO - Market closed
2025-08-11 23:58:46,444 - ERROR - Error in main loop for TSLA: store_logs() missing 1 required positional argument: 'strategy'
Traceback (most recent call last):
  File "D:\work\work\Tim McKenna\Tim\backend\main_equities.py", line 67, in main_strategy_loop
    store_logs(ticker)
    ~~~~~~~~~~^^^^^^^^
TypeError: store_logs() missing 1 required positional argument: 'strategy'
2025-08-11 23:07:48,670 - INFO - Skipping  strategy for TSLA, trade flag is FALSE.
2025-08-11 23:07:49,175 - INFO - Market closed
2025-08-11 23:07:49,175 - ERROR - Error in main loop for TSLA: store_logs() missing 1 required positional argument: 'strategy'
Traceback (most recent call last):
  File "D:\sde\Tim\tasty-schwab-trader-BE\main_equities.py", line 67, in main_strategy_loop
    store_logs(ticker)
TypeError: store_logs() missing 1 required positional argument: 'strategy'
2025-08-11 23:13:41,329 - INFO - Skipping  strategy for TSLA, trade flag is FALSE.
2025-08-11 23:13:41,822 - INFO - Market closed
2025-08-11 23:13:41,822 - ERROR - Error in main loop for TSLA: store_logs() missing 1 required positional argument: 'strategy'
Traceback (most recent call last):
  File "D:\sde\Tim\tasty-schwab-trader-BE\main_equities.py", line 67, in main_strategy_loop
    store_logs(ticker)
TypeError: store_logs() missing 1 required positional argument: 'strategy'
2025-08-11 23:14:59,099 - INFO - Skipping  strategy for TSLA, trade flag is FALSE.
2025-08-11 23:14:59,621 - INFO - Market closed
2025-08-11 23:14:59,621 - ERROR - Error in main loop for TSLA: store_logs() missing 1 required positional argument: 'strategy'
Traceback (most recent call last):
  File "D:\sde\Tim\tasty-schwab-trader-BE\main_equities.py", line 67, in main_strategy_loop
    store_logs(ticker)
TypeError: store_logs() missing 1 required positional argument: 'strategy'
2025-08-11 23:20:24,437 - INFO - Skipping  strategy for TSLA, trade flag is FALSE.
2025-08-11 23:20:24,940 - INFO - Market closed
2025-08-11 23:20:24,940 - ERROR - Error in main loop for TSLA: store_logs() missing 1 required positional argument: 'strategy'
Traceback (most recent call last):
  File "D:\sde\Tim\tasty-schwab-trader-BE\main_equities.py", line 67, in main_strategy_loop
    store_logs(ticker)
TypeError: store_logs() missing 1 required positional argument: 'strategy'
2025-08-11 23:25:13,393 - INFO - Skipping  strategy for TSLA, trade flag is FALSE.
2025-08-11 23:25:13,885 - INFO - Market closed
2025-08-11 23:25:13,885 - ERROR - Error in main loop for TSLA: store_logs() missing 1 required positional argument: 'strategy'
Traceback (most recent call last):
  File "D:\sde\Tim\tasty-schwab-trader-BE\main_equities.py", line 67, in main_strategy_loop
    store_logs(ticker)
TypeError: store_logs() missing 1 required positional argument: 'strategy'
2025-08-11 23:48:28,886 - INFO - Skipping  strategy for TSLA, trade flag is FALSE.
2025-08-11 23:48:29,359 - INFO - Market closed
2025-08-11 23:48:29,360 - ERROR - Error in main loop for TSLA: store_logs() missing 1 required positional argument: 'strategy'
Traceback (most recent call last):
  File "D:\sde\Tim\tasty-schwab-trader-BE\main_equities.py", line 67, in main_strategy_loop
    store_logs(ticker)
TypeError: store_logs() missing 1 required positional argument: 'strategy'
2025-08-11 23:51:36,973 - INFO - Skipping  strategy for TSLA, trade flag is FALSE.
2025-08-11 23:51:37,465 - INFO - Market closed
2025-08-11 23:51:37,465 - ERROR - Error in main loop for TSLA: store_logs() missing 1 required positional argument: 'strategy'
Traceback (most recent call last):
  File "D:\sde\Tim\tasty-schwab-trader-BE\main_equities.py", line 67, in main_strategy_loop
    store_logs(ticker)
TypeError: store_logs() missing 1 required positional argument: 'strategy'
2025-08-11 23:55:15,747 - INFO - Running strategy for TSLA at 2025-08-11 17:55:15.747303-04:00 with params: Schwab_QTY=0, Tasty_QTY=4 TRENDS=(1, EMA), (1, EMA)
2025-08-11 23:55:20,648 - INFO - Market closed
2025-08-11 23:55:20,675 - ERROR - Error in main loop for TSLA: store_logs() missing 1 required positional argument: 'strategy'
Traceback (most recent call last):
  File "D:\sde\Tim\tasty-schwab-trader-BE\main_equities.py", line 67, in main_strategy_loop
    store_logs(ticker)
TypeError: store_logs() missing 1 required positional argument: 'strategy'
2025-08-11 23:56:15,538 - INFO - Running strategy for TSLA at 2025-08-11 17:56:15.538467-04:00 with params: Schwab_QTY=0, Tasty_QTY=4 TRENDS=(1, EMA), (1, EMA)
2025-08-11 23:56:18,719 - INFO - Market closed
2025-08-11 23:56:18,755 - ERROR - Error in main loop for TSLA: store_logs() missing 1 required positional argument: 'strategy'
Traceback (most recent call last):
  File "D:\sde\Tim\tasty-schwab-trader-BE\main_equities.py", line 67, in main_strategy_loop
    store_logs(ticker)
TypeError: store_logs() missing 1 required positional argument: 'strategy'
2025-08-11 23:59:16,559 - INFO - Running strategy for TSLA at 2025-08-11 17:59:16.559048-04:00 with params: Schwab_QTY=0, Tasty_QTY=4 TRENDS=(1, EMA), (1, EMA)
2025-08-11 23:59:20,202 - INFO - Market closed
2025-08-11 23:59:20,202 - ERROR - Error in main loop for TSLA: store_logs() missing 1 required positional argument: 'strategy'
Traceback (most recent call last):
  File "D:\sde\Tim\tasty-schwab-trader-BE\main_equities.py", line 67, in main_strategy_loop
    store_logs(ticker)
TypeError: store_logs() missing 1 required positional argument: 'strategy'
2025-08-12 00:01:01,701 - INFO - Running strategy for TSLA at 2025-08-11 18:01:01.701056-04:00 with params: Schwab_QTY=0, Tasty_QTY=4 TRENDS=(1, EMA), (1, EMA)
2025-08-12 00:01:09,082 - INFO - Market closed
2025-08-12 00:01:09,082 - ERROR - Error in main loop for TSLA: store_logs() missing 1 required positional argument: 'strategy'
Traceback (most recent call last):
  File "D:\sde\Tim\tasty-schwab-trader-BE\main_equities.py", line 67, in main_strategy_loop
    store_logs(ticker)
TypeError: store_logs() missing 1 required positional argument: 'strategy'
2025-08-12 00:05:05,044 - INFO - Running strategy for TSLA at 2025-08-11 18:05:05.044775-04:00 with params: Schwab_QTY=0, Tasty_QTY=4 TRENDS=(1, EMA), (1, EMA)
2025-08-12 00:05:08,736 - INFO - Market closed
2025-08-12 00:05:08,737 - ERROR - Error in main loop for TSLA: store_logs() missing 1 required positional argument: 'strategy'
Traceback (most recent call last):
  File "D:\sde\Tim\tasty-schwab-trader-BE\main_equities.py", line 67, in main_strategy_loop
    store_logs(ticker)
TypeError: store_logs() missing 1 required positional argument: 'strategy'
2025-08-12 00:18:36,449 - INFO - Running strategy for TSLA at 2025-08-11 18:18:36.449456-04:00 with params: Schwab_QTY=0, Tasty_QTY=4 TRENDS=(1, EMA), (1, EMA)
2025-08-12 00:18:37,609 - ERROR - Error in strategy for TSLA: get_tick_based_data() takes 5 positional arguments but 6 were given
Traceback (most recent call last):
  File "D:\sde\Tim\tasty-schwab-trader-BE\ema_strategy.py", line 50, in ema_strategy
    df = get_historical_and_live_data(
  File "D:\sde\Tim\tasty-schwab-trader-BE\get_historical_data.py", line 136, in get_historical_and_live_data
    return get_historical_data(ticker, timeframe, logger)
  File "D:\sde\Tim\tasty-schwab-trader-BE\get_historical_data.py", line 130, in get_historical_data
    df = get_tick_based_data(tick_size, dataset, start_time, end_time, instrument_id, symbol)
TypeError: get_tick_based_data() takes 5 positional arguments but 6 were given
2025-08-12 00:18:38,173 - INFO - Market closed
2025-08-12 00:18:38,173 - ERROR - Error in main loop for TSLA: store_logs() missing 1 required positional argument: 'strategy'
Traceback (most recent call last):
  File "D:\sde\Tim\tasty-schwab-trader-BE\main_equities.py", line 67, in main_strategy_loop
    store_logs(ticker)
TypeError: store_logs() missing 1 required positional argument: 'strategy'
2025-08-12 00:19:32,056 - INFO - Running strategy for TSLA at 2025-08-11 18:19:32.056340-04:00 with params: Schwab_QTY=0, Tasty_QTY=4 TRENDS=(1, EMA), (1, EMA)
2025-08-12 00:19:34,321 - ERROR - Error in strategy for TSLA: get_tick_based_data() takes 5 positional arguments but 6 were given
Traceback (most recent call last):
  File "D:\sde\Tim\tasty-schwab-trader-BE\ema_strategy.py", line 50, in ema_strategy
    df = get_historical_and_live_data(
  File "D:\sde\Tim\tasty-schwab-trader-BE\get_historical_data.py", line 136, in get_historical_and_live_data
    return get_historical_data(ticker, timeframe, logger)
  File "D:\sde\Tim\tasty-schwab-trader-BE\get_historical_data.py", line 130, in get_historical_data
    df = get_tick_based_data(tick_size, dataset, start_time, end_time, instrument_id, symbol)
TypeError: get_tick_based_data() takes 5 positional arguments but 6 were given
2025-08-12 00:19:34,940 - INFO - Market closed
2025-08-12 00:19:34,940 - ERROR - Error in main loop for TSLA: store_logs() missing 1 required positional argument: 'strategy'
Traceback (most recent call last):
  File "D:\sde\Tim\tasty-schwab-trader-BE\main_equities.py", line 67, in main_strategy_loop
    store_logs(ticker)
TypeError: store_logs() missing 1 required positional argument: 'strategy'
2025-08-12 00:20:46,454 - INFO - Running strategy for TSLA at 2025-08-11 18:20:46.454629-04:00 with params: Schwab_QTY=0, Tasty_QTY=4 TRENDS=(1, EMA), (1, EMA)
2025-08-12 00:20:47,256 - ERROR - Error in strategy for TSLA: get_tick_based_data() takes 5 positional arguments but 6 were given
Traceback (most recent call last):
  File "D:\sde\Tim\tasty-schwab-trader-BE\ema_strategy.py", line 50, in ema_strategy
    df = get_historical_and_live_data(
  File "D:\sde\Tim\tasty-schwab-trader-BE\get_historical_data.py", line 136, in get_historical_and_live_data
    return get_historical_data(ticker, timeframe, logger)
  File "D:\sde\Tim\tasty-schwab-trader-BE\get_historical_data.py", line 130, in get_historical_data
    df = get_tick_based_data(tick_size, dataset, start_time, end_time, instrument_id, symbol)
TypeError: get_tick_based_data() takes 5 positional arguments but 6 were given
2025-08-12 00:20:48,447 - INFO - Market closed
2025-08-12 00:20:48,447 - ERROR - Error in main loop for TSLA: store_logs() missing 1 required positional argument: 'strategy'
Traceback (most recent call last):
  File "D:\sde\Tim\tasty-schwab-trader-BE\main_equities.py", line 67, in main_strategy_loop
    store_logs(ticker)
TypeError: store_logs() missing 1 required positional argument: 'strategy'
