2025-08-05 09:03:38,348 - ERROR - Error in getting strategy params: [Errno 2] No such file or directory: 'settings\\ticker_data.json'
2025-08-05 09:03:48,349 - ERROR - Error in getting strategy params: [Errno 2] No such file or directory: 'settings\\ticker_data.json'
2025-08-05 09:03:58,350 - ERROR - Error in getting strategy params: [Errno 2] No such file or directory: 'settings\\ticker_data.json'
2025-08-05 09:04:08,351 - ERROR - Error in getting strategy params: [Errno 2] No such file or directory: 'settings\\ticker_data.json'
2025-08-05 09:04:18,352 - ERROR - Error in getting strategy params: [Errno 2] No such file or directory: 'settings\\ticker_data.json'
2025-08-05 09:04:28,353 - ERROR - Error in getting strategy params: [Errno 2] No such file or directory: 'settings\\ticker_data.json'
2025-08-05 09:04:38,378 - ERROR - Error in getting strategy params: [Errno 2] No such file or directory: 'settings\\ticker_data.json'
2025-08-05 09:04:48,379 - ERROR - Error in getting strategy params: [Errno 2] No such file or directory: 'settings\\ticker_data.json'
2025-08-05 09:04:58,380 - ERROR - Error in getting strategy params: [Errno 2] No such file or directory: 'settings\\ticker_data.json'
2025-08-05 09:05:08,381 - ERROR - Error in getting strategy params: [Errno 2] No such file or directory: 'settings\\ticker_data.json'
2025-08-05 09:05:18,382 - ERROR - Error in getting strategy params: [Errno 2] No such file or directory: 'settings\\ticker_data.json'
2025-08-05 09:05:28,383 - ERROR - Error in getting strategy params: [Errno 2] No such file or directory: 'settings\\ticker_data.json'
2025-08-05 09:05:38,383 - ERROR - Error in getting strategy params: [Errno 2] No such file or directory: 'settings\\ticker_data.json'
2025-08-05 09:05:48,384 - ERROR - Error in getting strategy params: [Errno 2] No such file or directory: 'settings\\ticker_data.json'
2025-08-05 09:05:58,385 - ERROR - Error in getting strategy params: [Errno 2] No such file or directory: 'settings\\ticker_data.json'
2025-08-05 09:06:08,386 - ERROR - Error in getting strategy params: [Errno 2] No such file or directory: 'settings\\ticker_data.json'
2025-08-05 09:06:18,386 - ERROR - Error in getting strategy params: [Errno 2] No such file or directory: 'settings\\ticker_data.json'
2025-08-05 09:06:28,387 - ERROR - Error in getting strategy params: [Errno 2] No such file or directory: 'settings\\ticker_data.json'
2025-08-05 09:06:38,389 - ERROR - Error in getting strategy params: [Errno 2] No such file or directory: 'settings\\ticker_data.json'
2025-08-05 09:06:48,389 - ERROR - Error in getting strategy params: [Errno 2] No such file or directory: 'settings\\ticker_data.json'
2025-08-05 09:06:58,390 - ERROR - Error in getting strategy params: [Errno 2] No such file or directory: 'settings\\ticker_data.json'
2025-08-05 09:07:08,391 - ERROR - Error in getting strategy params: [Errno 2] No such file or directory: 'settings\\ticker_data.json'
2025-08-05 09:07:18,392 - ERROR - Error in getting strategy params: [Errno 2] No such file or directory: 'settings\\ticker_data.json'
2025-08-05 09:07:28,393 - ERROR - Error in getting strategy params: [Errno 2] No such file or directory: 'settings\\ticker_data.json'
2025-08-05 09:07:38,394 - ERROR - Error in getting strategy params: [Errno 2] No such file or directory: 'settings\\ticker_data.json'
2025-08-05 09:07:48,395 - ERROR - Error in getting strategy params: [Errno 2] No such file or directory: 'settings\\ticker_data.json'
2025-08-05 09:07:58,395 - ERROR - Error in getting strategy params: [Errno 2] No such file or directory: 'settings\\ticker_data.json'
2025-08-05 09:08:08,396 - ERROR - Error in getting strategy params: [Errno 2] No such file or directory: 'settings\\ticker_data.json'
2025-08-05 09:08:18,397 - ERROR - Error in getting strategy params: [Errno 2] No such file or directory: 'settings\\ticker_data.json'
2025-08-05 09:08:28,398 - ERROR - Error in getting strategy params: [Errno 2] No such file or directory: 'settings\\ticker_data.json'
2025-08-05 09:08:38,399 - ERROR - Error in getting strategy params: [Errno 2] No such file or directory: 'settings\\ticker_data.json'
2025-08-05 09:08:48,400 - ERROR - Error in getting strategy params: [Errno 2] No such file or directory: 'settings\\ticker_data.json'
2025-08-05 09:08:58,400 - ERROR - Error in getting strategy params: [Errno 2] No such file or directory: 'settings\\ticker_data.json'
2025-08-05 09:09:08,401 - ERROR - Error in getting strategy params: [Errno 2] No such file or directory: 'settings\\ticker_data.json'
2025-08-05 09:09:18,403 - ERROR - Error in getting strategy params: [Errno 2] No such file or directory: 'settings\\ticker_data.json'
2025-08-05 09:09:28,403 - ERROR - Error in getting strategy params: [Errno 2] No such file or directory: 'settings\\ticker_data.json'
2025-08-05 09:09:38,404 - ERROR - Error in getting strategy params: [Errno 2] No such file or directory: 'settings\\ticker_data.json'
2025-08-05 09:09:48,404 - ERROR - Error in getting strategy params: [Errno 2] No such file or directory: 'settings\\ticker_data.json'
2025-08-05 09:09:58,406 - ERROR - Error in getting strategy params: [Errno 2] No such file or directory: 'settings\\ticker_data.json'
2025-08-05 09:10:08,406 - ERROR - Error in getting strategy params: [Errno 2] No such file or directory: 'settings\\ticker_data.json'
2025-08-05 09:10:18,407 - ERROR - Error in getting strategy params: [Errno 2] No such file or directory: 'settings\\ticker_data.json'
2025-08-05 09:10:28,408 - ERROR - Error in getting strategy params: [Errno 2] No such file or directory: 'settings\\ticker_data.json'
2025-08-05 09:10:38,410 - ERROR - Error in getting strategy params: [Errno 2] No such file or directory: 'settings\\ticker_data.json'
2025-08-05 09:10:48,411 - ERROR - Error in getting strategy params: [Errno 2] No such file or directory: 'settings\\ticker_data.json'
2025-08-05 09:10:58,412 - ERROR - Error in getting strategy params: [Errno 2] No such file or directory: 'settings\\ticker_data.json'
2025-08-05 09:11:08,412 - ERROR - Error in getting strategy params: [Errno 2] No such file or directory: 'settings\\ticker_data.json'
2025-08-05 09:11:18,413 - ERROR - Error in getting strategy params: [Errno 2] No such file or directory: 'settings\\ticker_data.json'
2025-08-05 09:11:28,414 - ERROR - Error in getting strategy params: [Errno 2] No such file or directory: 'settings\\ticker_data.json'
2025-08-05 09:11:38,415 - ERROR - Error in getting strategy params: [Errno 2] No such file or directory: 'settings\\ticker_data.json'
2025-08-05 09:11:48,416 - ERROR - Error in getting strategy params: [Errno 2] No such file or directory: 'settings\\ticker_data.json'
2025-08-05 09:11:58,417 - ERROR - Error in getting strategy params: [Errno 2] No such file or directory: 'settings\\ticker_data.json'
2025-08-05 09:12:08,417 - ERROR - Error in getting strategy params: [Errno 2] No such file or directory: 'settings\\ticker_data.json'
2025-08-05 09:12:18,418 - ERROR - Error in getting strategy params: [Errno 2] No such file or directory: 'settings\\ticker_data.json'
2025-08-05 09:12:28,419 - ERROR - Error in getting strategy params: [Errno 2] No such file or directory: 'settings\\ticker_data.json'
2025-08-05 09:12:38,419 - ERROR - Error in getting strategy params: [Errno 2] No such file or directory: 'settings\\ticker_data.json'
2025-08-05 09:12:48,420 - ERROR - Error in getting strategy params: [Errno 2] No such file or directory: 'settings\\ticker_data.json'
2025-08-05 09:12:58,421 - ERROR - Error in getting strategy params: [Errno 2] No such file or directory: 'settings\\ticker_data.json'
2025-08-05 09:13:08,422 - ERROR - Error in getting strategy params: [Errno 2] No such file or directory: 'settings\\ticker_data.json'
2025-08-05 09:13:18,422 - ERROR - Error in getting strategy params: [Errno 2] No such file or directory: 'settings\\ticker_data.json'
2025-08-05 09:13:28,423 - ERROR - Error in getting strategy params: [Errno 2] No such file or directory: 'settings\\ticker_data.json'
2025-08-05 09:13:38,424 - ERROR - Error in getting strategy params: [Errno 2] No such file or directory: 'settings\\ticker_data.json'
2025-08-05 09:13:48,425 - ERROR - Error in getting strategy params: [Errno 2] No such file or directory: 'settings\\ticker_data.json'
2025-08-05 09:13:58,425 - ERROR - Error in getting strategy params: [Errno 2] No such file or directory: 'settings\\ticker_data.json'
2025-08-05 09:14:08,426 - ERROR - Error in getting strategy params: [Errno 2] No such file or directory: 'settings\\ticker_data.json'
2025-08-05 09:14:18,427 - ERROR - Error in getting strategy params: [Errno 2] No such file or directory: 'settings\\ticker_data.json'
2025-08-05 09:14:28,428 - ERROR - Error in getting strategy params: [Errno 2] No such file or directory: 'settings\\ticker_data.json'
2025-08-05 09:14:38,429 - ERROR - Error in getting strategy params: [Errno 2] No such file or directory: 'settings\\ticker_data.json'
2025-08-05 09:14:48,431 - ERROR - Error in getting strategy params: [Errno 2] No such file or directory: 'settings\\ticker_data.json'
2025-08-05 09:14:58,431 - ERROR - Error in getting strategy params: [Errno 2] No such file or directory: 'settings\\ticker_data.json'
2025-08-05 09:15:08,432 - ERROR - Error in getting strategy params: [Errno 2] No such file or directory: 'settings\\ticker_data.json'
2025-08-05 09:15:18,433 - ERROR - Error in getting strategy params: [Errno 2] No such file or directory: 'settings\\ticker_data.json'
2025-08-05 09:15:28,433 - ERROR - Error in getting strategy params: [Errno 2] No such file or directory: 'settings\\ticker_data.json'
2025-08-05 09:15:38,434 - ERROR - Error in getting strategy params: [Errno 2] No such file or directory: 'settings\\ticker_data.json'
2025-08-05 09:15:48,435 - ERROR - Error in getting strategy params: [Errno 2] No such file or directory: 'settings\\ticker_data.json'
2025-08-05 09:15:58,436 - ERROR - Error in getting strategy params: [Errno 2] No such file or directory: 'settings\\ticker_data.json'
2025-08-05 09:16:08,437 - ERROR - Error in getting strategy params: [Errno 2] No such file or directory: 'settings\\ticker_data.json'
2025-08-05 09:16:18,438 - ERROR - Error in getting strategy params: [Errno 2] No such file or directory: 'settings\\ticker_data.json'
2025-08-05 09:16:28,439 - ERROR - Error in getting strategy params: [Errno 2] No such file or directory: 'settings\\ticker_data.json'
2025-08-05 09:16:38,440 - ERROR - Error in getting strategy params: [Errno 2] No such file or directory: 'settings\\ticker_data.json'
2025-08-05 09:16:48,441 - ERROR - Error in getting strategy params: [Errno 2] No such file or directory: 'settings\\ticker_data.json'
2025-08-05 09:16:58,441 - ERROR - Error in getting strategy params: [Errno 2] No such file or directory: 'settings\\ticker_data.json'
2025-08-05 09:17:08,442 - ERROR - Error in getting strategy params: [Errno 2] No such file or directory: 'settings\\ticker_data.json'
2025-08-05 09:17:18,444 - ERROR - Error in getting strategy params: [Errno 2] No such file or directory: 'settings\\ticker_data.json'
2025-08-05 09:17:28,445 - ERROR - Error in getting strategy params: [Errno 2] No such file or directory: 'settings\\ticker_data.json'
2025-08-05 09:17:38,445 - ERROR - Error in getting strategy params: [Errno 2] No such file or directory: 'settings\\ticker_data.json'
2025-08-05 09:17:48,447 - ERROR - Error in getting strategy params: [Errno 2] No such file or directory: 'settings\\ticker_data.json'
2025-08-05 09:17:58,447 - ERROR - Error in getting strategy params: [Errno 2] No such file or directory: 'settings\\ticker_data.json'
2025-08-05 09:18:08,448 - ERROR - Error in getting strategy params: [Errno 2] No such file or directory: 'settings\\ticker_data.json'
2025-08-05 09:18:18,450 - ERROR - Error in getting strategy params: [Errno 2] No such file or directory: 'settings\\ticker_data.json'
2025-08-05 09:18:28,451 - ERROR - Error in getting strategy params: [Errno 2] No such file or directory: 'settings\\ticker_data.json'
2025-08-05 09:18:38,452 - ERROR - Error in getting strategy params: [Errno 2] No such file or directory: 'settings\\ticker_data.json'
2025-08-05 09:18:48,453 - ERROR - Error in getting strategy params: [Errno 2] No such file or directory: 'settings\\ticker_data.json'
2025-08-05 09:18:58,453 - ERROR - Error in getting strategy params: [Errno 2] No such file or directory: 'settings\\ticker_data.json'
2025-08-05 09:19:08,454 - ERROR - Error in getting strategy params: [Errno 2] No such file or directory: 'settings\\ticker_data.json'
2025-08-05 09:19:18,454 - ERROR - Error in getting strategy params: [Errno 2] No such file or directory: 'settings\\ticker_data.json'
2025-08-05 09:19:28,454 - ERROR - Error in getting strategy params: [Errno 2] No such file or directory: 'settings\\ticker_data.json'
2025-08-05 09:19:38,455 - ERROR - Error in getting strategy params: [Errno 2] No such file or directory: 'settings\\ticker_data.json'
2025-08-05 09:19:48,456 - ERROR - Error in getting strategy params: [Errno 2] No such file or directory: 'settings\\ticker_data.json'
2025-08-05 09:19:58,457 - ERROR - Error in getting strategy params: [Errno 2] No such file or directory: 'settings\\ticker_data.json'
2025-08-05 09:20:08,457 - ERROR - Error in getting strategy params: [Errno 2] No such file or directory: 'settings\\ticker_data.json'
2025-08-05 09:20:18,459 - ERROR - Error in getting strategy params: [Errno 2] No such file or directory: 'settings\\ticker_data.json'
2025-08-05 09:20:37,264 - ERROR - Error in getting strategy params: [Errno 2] No such file or directory: 'settings\\ticker_data.json'
2025-08-05 09:20:47,265 - ERROR - Error in getting strategy params: [Errno 2] No such file or directory: 'settings\\ticker_data.json'
2025-08-05 09:20:57,266 - ERROR - Error in getting strategy params: [Errno 2] No such file or directory: 'settings\\ticker_data.json'
2025-08-05 09:21:07,266 - ERROR - Error in getting strategy params: [Errno 2] No such file or directory: 'settings\\ticker_data.json'
2025-08-05 09:21:17,266 - ERROR - Error in getting strategy params: [Errno 2] No such file or directory: 'settings\\ticker_data.json'
2025-08-05 09:21:27,268 - ERROR - Error in getting strategy params: [Errno 2] No such file or directory: 'settings\\ticker_data.json'
2025-08-05 09:21:37,268 - ERROR - Error in getting strategy params: [Errno 2] No such file or directory: 'settings\\ticker_data.json'
2025-08-05 09:21:47,269 - ERROR - Error in getting strategy params: [Errno 2] No such file or directory: 'settings\\ticker_data.json'
2025-08-05 09:21:57,270 - ERROR - Error in getting strategy params: [Errno 2] No such file or directory: 'settings\\ticker_data.json'
2025-08-05 09:22:07,271 - ERROR - Error in getting strategy params: [Errno 2] No such file or directory: 'settings\\ticker_data.json'
2025-08-05 09:22:17,272 - ERROR - Error in getting strategy params: [Errno 2] No such file or directory: 'settings\\ticker_data.json'
2025-08-05 09:22:27,273 - ERROR - Error in getting strategy params: [Errno 2] No such file or directory: 'settings\\ticker_data.json'
2025-08-05 09:22:37,273 - ERROR - Error in getting strategy params: [Errno 2] No such file or directory: 'settings\\ticker_data.json'
2025-08-05 09:22:47,274 - ERROR - Error in getting strategy params: [Errno 2] No such file or directory: 'settings\\ticker_data.json'
2025-08-05 09:22:57,275 - ERROR - Error in getting strategy params: [Errno 2] No such file or directory: 'settings\\ticker_data.json'
2025-08-05 09:23:07,415 - ERROR - Error in getting strategy params: [Errno 2] No such file or directory: 'settings\\ticker_data.json'
2025-08-05 09:23:17,417 - ERROR - Error in getting strategy params: [Errno 2] No such file or directory: 'settings\\ticker_data.json'
2025-08-05 09:23:27,419 - ERROR - Error in getting strategy params: [Errno 2] No such file or directory: 'settings\\ticker_data.json'
2025-08-05 09:23:37,419 - ERROR - Error in getting strategy params: [Errno 2] No such file or directory: 'settings\\ticker_data.json'
2025-08-05 09:23:47,150 - ERROR - Error in getting strategy params: [Errno 2] No such file or directory: 'settings\\ticker_data.json'
2025-08-05 09:23:57,153 - ERROR - Error in getting strategy params: [Errno 2] No such file or directory: 'settings\\ticker_data.json'
2025-08-05 09:24:07,154 - ERROR - Error in getting strategy params: [Errno 2] No such file or directory: 'settings\\ticker_data.json'
2025-08-05 09:24:17,155 - ERROR - Error in getting strategy params: [Errno 2] No such file or directory: 'settings\\ticker_data.json'
2025-08-05 09:24:27,156 - ERROR - Error in getting strategy params: [Errno 2] No such file or directory: 'settings\\ticker_data.json'
2025-08-05 09:24:37,156 - ERROR - Error in getting strategy params: [Errno 2] No such file or directory: 'settings\\ticker_data.json'
2025-08-05 09:24:47,157 - ERROR - Error in getting strategy params: [Errno 2] No such file or directory: 'settings\\ticker_data.json'
2025-08-05 09:24:57,158 - ERROR - Error in getting strategy params: [Errno 2] No such file or directory: 'settings\\ticker_data.json'
2025-08-05 09:25:07,159 - ERROR - Error in getting strategy params: [Errno 2] No such file or directory: 'settings\\ticker_data.json'
2025-08-05 09:25:17,160 - ERROR - Error in getting strategy params: [Errno 2] No such file or directory: 'settings\\ticker_data.json'
2025-08-05 09:25:27,161 - ERROR - Error in getting strategy params: [Errno 2] No such file or directory: 'settings\\ticker_data.json'
2025-08-05 09:25:37,163 - ERROR - Error in getting strategy params: [Errno 2] No such file or directory: 'settings\\ticker_data.json'
2025-08-05 09:25:47,164 - ERROR - Error in getting strategy params: [Errno 2] No such file or directory: 'settings\\ticker_data.json'
2025-08-05 09:25:57,165 - ERROR - Error in getting strategy params: [Errno 2] No such file or directory: 'settings\\ticker_data.json'
2025-08-05 09:26:07,167 - ERROR - Error in getting strategy params: [Errno 2] No such file or directory: 'settings\\ticker_data.json'
2025-08-05 09:43:35,635 - INFO - Skipping strategy for /MES, trade flag is FALSE.
2025-08-05 09:43:35,635 - ERROR - Error in strategy for /MES: [Errno 2] No such file or directory: 'trades/MES.json'
Traceback (most recent call last):
  File "D:\work\work\Tim McKenna\Tim\backend\main_equities.py", line 42, in ema_strategy
    with open(
         ~~~~^
        f"trades/{ticker[1:] if '/' == ticker[0] else ticker}.json", "r"
        ^^^^^^^^^^^^^^^^^^^^^^^^^^^^^^^^^^^^^^^^^^^^^^^^^^^^^^^^^^^^^^^^
    ) as file:
    ^
FileNotFoundError: [Errno 2] No such file or directory: 'trades/MES.json'
2025-08-05 09:43:36,684 - ERROR - Error in main loop for /MES: get_strategy_prarams() missing 1 required positional argument: 'logger'
Traceback (most recent call last):
  File "D:\work\work\Tim McKenna\Tim\backend\main_equities.py", line 702, in main_strategy_loop
    [timeframe, *_] = get_strategy_prarams(ticker, logger)
                      ~~~~~~~~~~~~~~~~~~~~^^^^^^^^^^^^^^^^
TypeError: get_strategy_prarams() missing 1 required positional argument: 'logger'
2025-08-05 10:29:14,428 - INFO - Skipping strategy for /MES, trade flag is FALSE.
2025-08-05 10:29:15,286 - ERROR - Error in main loop for /MES: get_strategy_prarams() missing 1 required positional argument: 'logger'
Traceback (most recent call last):
  File "D:\work\work\Tim McKenna\Tim\backend\main_equities.py", line 706, in main_strategy_loop
    [timeframe, *_] = get_strategy_prarams(ticker, logger)
                      ~~~~~~~~~~~~~~~~~~~~^^^^^^^^^^^^^^^^
TypeError: get_strategy_prarams() missing 1 required positional argument: 'logger'
