2025-08-05 09:03:38,348 - ERROR - Error in getting strategy params: [Errno 2] No such file or directory: 'settings\\ticker_data.json'
2025-08-05 09:03:48,349 - ERROR - Error in getting strategy params: [Errno 2] No such file or directory: 'settings\\ticker_data.json'
2025-08-05 09:03:58,350 - ERROR - Error in getting strategy params: [Errno 2] No such file or directory: 'settings\\ticker_data.json'
2025-08-05 09:04:08,350 - ERROR - Error in getting strategy params: [Errno 2] No such file or directory: 'settings\\ticker_data.json'
2025-08-05 09:04:18,351 - ERROR - Error in getting strategy params: [Errno 2] No such file or directory: 'settings\\ticker_data.json'
2025-08-05 09:04:28,352 - ERROR - Error in getting strategy params: [Errno 2] No such file or directory: 'settings\\ticker_data.json'
2025-08-05 09:04:38,353 - ERROR - Error in getting strategy params: [Errno 2] No such file or directory: 'settings\\ticker_data.json'
2025-08-05 09:04:48,353 - ERROR - Error in getting strategy params: [Errno 2] No such file or directory: 'settings\\ticker_data.json'
2025-08-05 09:04:58,354 - ERROR - Error in getting strategy params: [Errno 2] No such file or directory: 'settings\\ticker_data.json'
2025-08-05 09:05:08,354 - ERROR - Error in getting strategy params: [Errno 2] No such file or directory: 'settings\\ticker_data.json'
2025-08-05 09:05:18,355 - ERROR - Error in getting strategy params: [Errno 2] No such file or directory: 'settings\\ticker_data.json'
2025-08-05 09:05:28,355 - ERROR - Error in getting strategy params: [Errno 2] No such file or directory: 'settings\\ticker_data.json'
2025-08-05 09:05:38,356 - ERROR - Error in getting strategy params: [Errno 2] No such file or directory: 'settings\\ticker_data.json'
2025-08-05 09:05:48,357 - ERROR - Error in getting strategy params: [Errno 2] No such file or directory: 'settings\\ticker_data.json'
2025-08-05 09:05:58,358 - ERROR - Error in getting strategy params: [Errno 2] No such file or directory: 'settings\\ticker_data.json'
2025-08-05 09:06:08,359 - ERROR - Error in getting strategy params: [Errno 2] No such file or directory: 'settings\\ticker_data.json'
2025-08-05 09:06:18,360 - ERROR - Error in getting strategy params: [Errno 2] No such file or directory: 'settings\\ticker_data.json'
2025-08-05 09:06:28,361 - ERROR - Error in getting strategy params: [Errno 2] No such file or directory: 'settings\\ticker_data.json'
2025-08-05 09:06:38,362 - ERROR - Error in getting strategy params: [Errno 2] No such file or directory: 'settings\\ticker_data.json'
2025-08-05 09:06:48,363 - ERROR - Error in getting strategy params: [Errno 2] No such file or directory: 'settings\\ticker_data.json'
2025-08-05 09:06:58,364 - ERROR - Error in getting strategy params: [Errno 2] No such file or directory: 'settings\\ticker_data.json'
2025-08-05 09:07:08,365 - ERROR - Error in getting strategy params: [Errno 2] No such file or directory: 'settings\\ticker_data.json'
2025-08-05 09:07:18,366 - ERROR - Error in getting strategy params: [Errno 2] No such file or directory: 'settings\\ticker_data.json'
2025-08-05 09:07:28,367 - ERROR - Error in getting strategy params: [Errno 2] No such file or directory: 'settings\\ticker_data.json'
2025-08-05 09:07:38,368 - ERROR - Error in getting strategy params: [Errno 2] No such file or directory: 'settings\\ticker_data.json'
2025-08-05 09:07:48,369 - ERROR - Error in getting strategy params: [Errno 2] No such file or directory: 'settings\\ticker_data.json'
2025-08-05 09:07:58,370 - ERROR - Error in getting strategy params: [Errno 2] No such file or directory: 'settings\\ticker_data.json'
2025-08-05 09:08:08,371 - ERROR - Error in getting strategy params: [Errno 2] No such file or directory: 'settings\\ticker_data.json'
2025-08-05 09:08:18,372 - ERROR - Error in getting strategy params: [Errno 2] No such file or directory: 'settings\\ticker_data.json'
2025-08-05 09:08:28,373 - ERROR - Error in getting strategy params: [Errno 2] No such file or directory: 'settings\\ticker_data.json'
2025-08-05 09:08:38,374 - ERROR - Error in getting strategy params: [Errno 2] No such file or directory: 'settings\\ticker_data.json'
2025-08-05 09:08:48,375 - ERROR - Error in getting strategy params: [Errno 2] No such file or directory: 'settings\\ticker_data.json'
2025-08-05 09:08:58,376 - ERROR - Error in getting strategy params: [Errno 2] No such file or directory: 'settings\\ticker_data.json'
2025-08-05 09:09:08,377 - ERROR - Error in getting strategy params: [Errno 2] No such file or directory: 'settings\\ticker_data.json'
2025-08-05 09:09:18,378 - ERROR - Error in getting strategy params: [Errno 2] No such file or directory: 'settings\\ticker_data.json'
2025-08-05 09:09:28,379 - ERROR - Error in getting strategy params: [Errno 2] No such file or directory: 'settings\\ticker_data.json'
2025-08-05 09:09:38,380 - ERROR - Error in getting strategy params: [Errno 2] No such file or directory: 'settings\\ticker_data.json'
2025-08-05 09:09:48,380 - ERROR - Error in getting strategy params: [Errno 2] No such file or directory: 'settings\\ticker_data.json'
2025-08-05 09:09:58,381 - ERROR - Error in getting strategy params: [Errno 2] No such file or directory: 'settings\\ticker_data.json'
2025-08-05 09:10:08,381 - ERROR - Error in getting strategy params: [Errno 2] No such file or directory: 'settings\\ticker_data.json'
2025-08-05 09:10:18,382 - ERROR - Error in getting strategy params: [Errno 2] No such file or directory: 'settings\\ticker_data.json'
2025-08-05 09:10:28,384 - ERROR - Error in getting strategy params: [Errno 2] No such file or directory: 'settings\\ticker_data.json'
2025-08-05 09:10:38,385 - ERROR - Error in getting strategy params: [Errno 2] No such file or directory: 'settings\\ticker_data.json'
2025-08-05 09:10:48,386 - ERROR - Error in getting strategy params: [Errno 2] No such file or directory: 'settings\\ticker_data.json'
2025-08-05 09:10:58,387 - ERROR - Error in getting strategy params: [Errno 2] No such file or directory: 'settings\\ticker_data.json'
2025-08-05 09:11:08,389 - ERROR - Error in getting strategy params: [Errno 2] No such file or directory: 'settings\\ticker_data.json'
2025-08-05 09:11:18,390 - ERROR - Error in getting strategy params: [Errno 2] No such file or directory: 'settings\\ticker_data.json'
2025-08-05 09:11:28,391 - ERROR - Error in getting strategy params: [Errno 2] No such file or directory: 'settings\\ticker_data.json'
2025-08-05 09:11:38,392 - ERROR - Error in getting strategy params: [Errno 2] No such file or directory: 'settings\\ticker_data.json'
2025-08-05 09:11:48,393 - ERROR - Error in getting strategy params: [Errno 2] No such file or directory: 'settings\\ticker_data.json'
2025-08-05 09:11:58,393 - ERROR - Error in getting strategy params: [Errno 2] No such file or directory: 'settings\\ticker_data.json'
2025-08-05 09:12:08,394 - ERROR - Error in getting strategy params: [Errno 2] No such file or directory: 'settings\\ticker_data.json'
2025-08-05 09:12:18,396 - ERROR - Error in getting strategy params: [Errno 2] No such file or directory: 'settings\\ticker_data.json'
2025-08-05 09:12:28,397 - ERROR - Error in getting strategy params: [Errno 2] No such file or directory: 'settings\\ticker_data.json'
2025-08-05 09:12:38,398 - ERROR - Error in getting strategy params: [Errno 2] No such file or directory: 'settings\\ticker_data.json'
2025-08-05 09:12:48,399 - ERROR - Error in getting strategy params: [Errno 2] No such file or directory: 'settings\\ticker_data.json'
2025-08-05 09:12:58,400 - ERROR - Error in getting strategy params: [Errno 2] No such file or directory: 'settings\\ticker_data.json'
2025-08-05 09:13:08,401 - ERROR - Error in getting strategy params: [Errno 2] No such file or directory: 'settings\\ticker_data.json'
2025-08-05 09:13:18,402 - ERROR - Error in getting strategy params: [Errno 2] No such file or directory: 'settings\\ticker_data.json'
2025-08-05 09:13:28,403 - ERROR - Error in getting strategy params: [Errno 2] No such file or directory: 'settings\\ticker_data.json'
2025-08-05 09:13:38,404 - ERROR - Error in getting strategy params: [Errno 2] No such file or directory: 'settings\\ticker_data.json'
2025-08-05 09:13:48,405 - ERROR - Error in getting strategy params: [Errno 2] No such file or directory: 'settings\\ticker_data.json'
2025-08-05 09:13:58,406 - ERROR - Error in getting strategy params: [Errno 2] No such file or directory: 'settings\\ticker_data.json'
2025-08-05 09:14:08,406 - ERROR - Error in getting strategy params: [Errno 2] No such file or directory: 'settings\\ticker_data.json'
2025-08-05 09:14:18,407 - ERROR - Error in getting strategy params: [Errno 2] No such file or directory: 'settings\\ticker_data.json'
2025-08-05 09:14:28,408 - ERROR - Error in getting strategy params: [Errno 2] No such file or directory: 'settings\\ticker_data.json'
2025-08-05 09:14:38,410 - ERROR - Error in getting strategy params: [Errno 2] No such file or directory: 'settings\\ticker_data.json'
2025-08-05 09:14:48,411 - ERROR - Error in getting strategy params: [Errno 2] No such file or directory: 'settings\\ticker_data.json'
2025-08-05 09:14:58,411 - ERROR - Error in getting strategy params: [Errno 2] No such file or directory: 'settings\\ticker_data.json'
2025-08-05 09:15:08,412 - ERROR - Error in getting strategy params: [Errno 2] No such file or directory: 'settings\\ticker_data.json'
2025-08-05 09:15:18,413 - ERROR - Error in getting strategy params: [Errno 2] No such file or directory: 'settings\\ticker_data.json'
2025-08-05 09:15:28,413 - ERROR - Error in getting strategy params: [Errno 2] No such file or directory: 'settings\\ticker_data.json'
2025-08-05 09:15:38,414 - ERROR - Error in getting strategy params: [Errno 2] No such file or directory: 'settings\\ticker_data.json'
2025-08-05 09:15:48,415 - ERROR - Error in getting strategy params: [Errno 2] No such file or directory: 'settings\\ticker_data.json'
2025-08-05 09:15:58,416 - ERROR - Error in getting strategy params: [Errno 2] No such file or directory: 'settings\\ticker_data.json'
2025-08-05 09:16:08,416 - ERROR - Error in getting strategy params: [Errno 2] No such file or directory: 'settings\\ticker_data.json'
2025-08-05 09:16:18,416 - ERROR - Error in getting strategy params: [Errno 2] No such file or directory: 'settings\\ticker_data.json'
2025-08-05 09:16:28,417 - ERROR - Error in getting strategy params: [Errno 2] No such file or directory: 'settings\\ticker_data.json'
2025-08-05 09:16:38,418 - ERROR - Error in getting strategy params: [Errno 2] No such file or directory: 'settings\\ticker_data.json'
2025-08-05 09:16:48,418 - ERROR - Error in getting strategy params: [Errno 2] No such file or directory: 'settings\\ticker_data.json'
2025-08-05 09:16:58,419 - ERROR - Error in getting strategy params: [Errno 2] No such file or directory: 'settings\\ticker_data.json'
2025-08-05 09:17:08,420 - ERROR - Error in getting strategy params: [Errno 2] No such file or directory: 'settings\\ticker_data.json'
2025-08-05 09:17:18,421 - ERROR - Error in getting strategy params: [Errno 2] No such file or directory: 'settings\\ticker_data.json'
2025-08-05 09:17:28,422 - ERROR - Error in getting strategy params: [Errno 2] No such file or directory: 'settings\\ticker_data.json'
2025-08-05 09:17:38,422 - ERROR - Error in getting strategy params: [Errno 2] No such file or directory: 'settings\\ticker_data.json'
2025-08-05 09:17:48,422 - ERROR - Error in getting strategy params: [Errno 2] No such file or directory: 'settings\\ticker_data.json'
2025-08-05 09:17:58,423 - ERROR - Error in getting strategy params: [Errno 2] No such file or directory: 'settings\\ticker_data.json'
2025-08-05 09:18:08,424 - ERROR - Error in getting strategy params: [Errno 2] No such file or directory: 'settings\\ticker_data.json'
2025-08-05 09:18:18,425 - ERROR - Error in getting strategy params: [Errno 2] No such file or directory: 'settings\\ticker_data.json'
2025-08-05 09:18:28,426 - ERROR - Error in getting strategy params: [Errno 2] No such file or directory: 'settings\\ticker_data.json'
2025-08-05 09:18:38,426 - ERROR - Error in getting strategy params: [Errno 2] No such file or directory: 'settings\\ticker_data.json'
2025-08-05 09:18:48,427 - ERROR - Error in getting strategy params: [Errno 2] No such file or directory: 'settings\\ticker_data.json'
2025-08-05 09:18:58,428 - ERROR - Error in getting strategy params: [Errno 2] No such file or directory: 'settings\\ticker_data.json'
2025-08-05 09:19:08,429 - ERROR - Error in getting strategy params: [Errno 2] No such file or directory: 'settings\\ticker_data.json'
2025-08-05 09:19:18,430 - ERROR - Error in getting strategy params: [Errno 2] No such file or directory: 'settings\\ticker_data.json'
2025-08-05 09:19:28,430 - ERROR - Error in getting strategy params: [Errno 2] No such file or directory: 'settings\\ticker_data.json'
2025-08-05 09:19:38,431 - ERROR - Error in getting strategy params: [Errno 2] No such file or directory: 'settings\\ticker_data.json'
2025-08-05 09:19:48,431 - ERROR - Error in getting strategy params: [Errno 2] No such file or directory: 'settings\\ticker_data.json'
2025-08-05 09:19:58,431 - ERROR - Error in getting strategy params: [Errno 2] No such file or directory: 'settings\\ticker_data.json'
2025-08-05 09:20:08,433 - ERROR - Error in getting strategy params: [Errno 2] No such file or directory: 'settings\\ticker_data.json'
2025-08-05 09:20:18,433 - ERROR - Error in getting strategy params: [Errno 2] No such file or directory: 'settings\\ticker_data.json'
2025-08-05 09:20:37,264 - ERROR - Error in getting strategy params: [Errno 2] No such file or directory: 'settings\\ticker_data.json'
2025-08-05 09:20:47,266 - ERROR - Error in getting strategy params: [Errno 2] No such file or directory: 'settings\\ticker_data.json'
2025-08-05 09:20:57,266 - ERROR - Error in getting strategy params: [Errno 2] No such file or directory: 'settings\\ticker_data.json'
2025-08-05 09:21:07,267 - ERROR - Error in getting strategy params: [Errno 2] No such file or directory: 'settings\\ticker_data.json'
2025-08-05 09:21:17,267 - ERROR - Error in getting strategy params: [Errno 2] No such file or directory: 'settings\\ticker_data.json'
2025-08-05 09:21:27,268 - ERROR - Error in getting strategy params: [Errno 2] No such file or directory: 'settings\\ticker_data.json'
2025-08-05 09:21:37,269 - ERROR - Error in getting strategy params: [Errno 2] No such file or directory: 'settings\\ticker_data.json'
2025-08-05 09:21:47,269 - ERROR - Error in getting strategy params: [Errno 2] No such file or directory: 'settings\\ticker_data.json'
2025-08-05 09:21:57,270 - ERROR - Error in getting strategy params: [Errno 2] No such file or directory: 'settings\\ticker_data.json'
2025-08-05 09:22:07,271 - ERROR - Error in getting strategy params: [Errno 2] No such file or directory: 'settings\\ticker_data.json'
2025-08-05 09:22:17,272 - ERROR - Error in getting strategy params: [Errno 2] No such file or directory: 'settings\\ticker_data.json'
2025-08-05 09:22:27,272 - ERROR - Error in getting strategy params: [Errno 2] No such file or directory: 'settings\\ticker_data.json'
2025-08-05 09:22:37,273 - ERROR - Error in getting strategy params: [Errno 2] No such file or directory: 'settings\\ticker_data.json'
2025-08-05 09:22:47,274 - ERROR - Error in getting strategy params: [Errno 2] No such file or directory: 'settings\\ticker_data.json'
2025-08-05 09:22:57,275 - ERROR - Error in getting strategy params: [Errno 2] No such file or directory: 'settings\\ticker_data.json'
2025-08-05 09:23:07,415 - ERROR - Error in getting strategy params: [Errno 2] No such file or directory: 'settings\\ticker_data.json'
2025-08-05 09:23:17,417 - ERROR - Error in getting strategy params: [Errno 2] No such file or directory: 'settings\\ticker_data.json'
2025-08-05 09:23:27,418 - ERROR - Error in getting strategy params: [Errno 2] No such file or directory: 'settings\\ticker_data.json'
2025-08-05 09:23:37,420 - ERROR - Error in getting strategy params: [Errno 2] No such file or directory: 'settings\\ticker_data.json'
2025-08-05 09:23:47,150 - ERROR - Error in getting strategy params: [Errno 2] No such file or directory: 'settings\\ticker_data.json'
2025-08-05 09:23:57,153 - ERROR - Error in getting strategy params: [Errno 2] No such file or directory: 'settings\\ticker_data.json'
2025-08-05 09:24:07,154 - ERROR - Error in getting strategy params: [Errno 2] No such file or directory: 'settings\\ticker_data.json'
2025-08-05 09:24:17,154 - ERROR - Error in getting strategy params: [Errno 2] No such file or directory: 'settings\\ticker_data.json'
2025-08-05 09:24:27,156 - ERROR - Error in getting strategy params: [Errno 2] No such file or directory: 'settings\\ticker_data.json'
2025-08-05 09:24:37,157 - ERROR - Error in getting strategy params: [Errno 2] No such file or directory: 'settings\\ticker_data.json'
2025-08-05 09:24:47,158 - ERROR - Error in getting strategy params: [Errno 2] No such file or directory: 'settings\\ticker_data.json'
2025-08-05 09:24:57,158 - ERROR - Error in getting strategy params: [Errno 2] No such file or directory: 'settings\\ticker_data.json'
2025-08-05 09:25:07,159 - ERROR - Error in getting strategy params: [Errno 2] No such file or directory: 'settings\\ticker_data.json'
2025-08-05 09:25:17,159 - ERROR - Error in getting strategy params: [Errno 2] No such file or directory: 'settings\\ticker_data.json'
2025-08-05 09:25:27,160 - ERROR - Error in getting strategy params: [Errno 2] No such file or directory: 'settings\\ticker_data.json'
2025-08-05 09:25:37,161 - ERROR - Error in getting strategy params: [Errno 2] No such file or directory: 'settings\\ticker_data.json'
2025-08-05 09:25:47,162 - ERROR - Error in getting strategy params: [Errno 2] No such file or directory: 'settings\\ticker_data.json'
2025-08-05 09:25:57,163 - ERROR - Error in getting strategy params: [Errno 2] No such file or directory: 'settings\\ticker_data.json'
2025-08-05 09:26:07,165 - ERROR - Error in getting strategy params: [Errno 2] No such file or directory: 'settings\\ticker_data.json'
2025-08-05 09:43:35,643 - INFO - Running strategy for MSTR at 2025-08-05 02:43:35.643306-04:00 with params: QTY=10, TRENDS=(5, EMA), (2, SMA)
2025-08-05 09:43:35,801 - ERROR - Error in strategy for MSTR: [Errno 2] No such file or directory: 'trades/MSTR.json'
Traceback (most recent call last):
  File "D:\work\work\Tim McKenna\Tim\backend\main_equities.py", line 61, in ema_strategy
    with open(
         ~~~~^
        f"trades/{ticker[1:] if '/' == ticker[0] else ticker}.json", "r"
        ^^^^^^^^^^^^^^^^^^^^^^^^^^^^^^^^^^^^^^^^^^^^^^^^^^^^^^^^^^^^^^^^
    ) as file:
    ^
FileNotFoundError: [Errno 2] No such file or directory: 'trades/MSTR.json'
2025-08-05 10:29:14,489 - INFO - Running strategy for MSTR at 2025-08-05 03:29:14.489822-04:00 with params: QTY=10, TRENDS=(5, EMA), (2, SMA)
2025-08-05 10:29:14,580 - ERROR - Error in strategy for MSTR: [Errno 2] No such file or directory: 'trades/MSTR.json'
Traceback (most recent call last):
  File "D:\work\work\Tim McKenna\Tim\backend\main_equities.py", line 65, in ema_strategy
    with open(
         ~~~~^
        f"trades/{ticker[1:] if '/' == ticker[0] else ticker}.json", "r"
        ^^^^^^^^^^^^^^^^^^^^^^^^^^^^^^^^^^^^^^^^^^^^^^^^^^^^^^^^^^^^^^^^
    ) as file:
    ^
FileNotFoundError: [Errno 2] No such file or directory: 'trades/MSTR.json'
