2025-08-05 09:03:38,348 - ERROR - Error in getting strategy params: [Errno 2] No such file or directory: 'settings\\ticker_data.json'
2025-08-05 09:03:48,349 - ERROR - Error in getting strategy params: [Errno 2] No such file or directory: 'settings\\ticker_data.json'
2025-08-05 09:03:58,350 - ERROR - Error in getting strategy params: [Errno 2] No such file or directory: 'settings\\ticker_data.json'
2025-08-05 09:04:08,351 - ERROR - Error in getting strategy params: [Errno 2] No such file or directory: 'settings\\ticker_data.json'
2025-08-05 09:04:18,352 - ERROR - Error in getting strategy params: [Errno 2] No such file or directory: 'settings\\ticker_data.json'
2025-08-05 09:04:28,353 - ERROR - Error in getting strategy params: [Errno 2] No such file or directory: 'settings\\ticker_data.json'
2025-08-05 09:04:38,379 - ERROR - Error in getting strategy params: [Errno 2] No such file or directory: 'settings\\ticker_data.json'
2025-08-05 09:04:48,379 - ERROR - Error in getting strategy params: [Errno 2] No such file or directory: 'settings\\ticker_data.json'
2025-08-05 09:04:58,380 - ERROR - Error in getting strategy params: [Errno 2] No such file or directory: 'settings\\ticker_data.json'
2025-08-05 09:05:08,381 - ERROR - Error in getting strategy params: [Errno 2] No such file or directory: 'settings\\ticker_data.json'
2025-08-05 09:05:18,382 - ERROR - Error in getting strategy params: [Errno 2] No such file or directory: 'settings\\ticker_data.json'
2025-08-05 09:05:28,383 - ERROR - Error in getting strategy params: [Errno 2] No such file or directory: 'settings\\ticker_data.json'
2025-08-05 09:05:38,384 - ERROR - Error in getting strategy params: [Errno 2] No such file or directory: 'settings\\ticker_data.json'
2025-08-05 09:05:48,386 - ERROR - Error in getting strategy params: [Errno 2] No such file or directory: 'settings\\ticker_data.json'
2025-08-05 09:05:58,387 - ERROR - Error in getting strategy params: [Errno 2] No such file or directory: 'settings\\ticker_data.json'
2025-08-05 09:06:08,388 - ERROR - Error in getting strategy params: [Errno 2] No such file or directory: 'settings\\ticker_data.json'
2025-08-05 09:06:18,389 - ERROR - Error in getting strategy params: [Errno 2] No such file or directory: 'settings\\ticker_data.json'
2025-08-05 09:06:28,391 - ERROR - Error in getting strategy params: [Errno 2] No such file or directory: 'settings\\ticker_data.json'
2025-08-05 09:06:38,392 - ERROR - Error in getting strategy params: [Errno 2] No such file or directory: 'settings\\ticker_data.json'
2025-08-05 09:06:48,394 - ERROR - Error in getting strategy params: [Errno 2] No such file or directory: 'settings\\ticker_data.json'
2025-08-05 09:06:58,395 - ERROR - Error in getting strategy params: [Errno 2] No such file or directory: 'settings\\ticker_data.json'
2025-08-05 09:07:08,395 - ERROR - Error in getting strategy params: [Errno 2] No such file or directory: 'settings\\ticker_data.json'
2025-08-05 09:07:18,396 - ERROR - Error in getting strategy params: [Errno 2] No such file or directory: 'settings\\ticker_data.json'
2025-08-05 09:07:28,397 - ERROR - Error in getting strategy params: [Errno 2] No such file or directory: 'settings\\ticker_data.json'
2025-08-05 09:07:38,398 - ERROR - Error in getting strategy params: [Errno 2] No such file or directory: 'settings\\ticker_data.json'
2025-08-05 09:07:48,399 - ERROR - Error in getting strategy params: [Errno 2] No such file or directory: 'settings\\ticker_data.json'
2025-08-05 09:07:58,400 - ERROR - Error in getting strategy params: [Errno 2] No such file or directory: 'settings\\ticker_data.json'
2025-08-05 09:08:08,400 - ERROR - Error in getting strategy params: [Errno 2] No such file or directory: 'settings\\ticker_data.json'
2025-08-05 09:08:18,401 - ERROR - Error in getting strategy params: [Errno 2] No such file or directory: 'settings\\ticker_data.json'
2025-08-05 09:08:28,402 - ERROR - Error in getting strategy params: [Errno 2] No such file or directory: 'settings\\ticker_data.json'
2025-08-05 09:08:38,402 - ERROR - Error in getting strategy params: [Errno 2] No such file or directory: 'settings\\ticker_data.json'
2025-08-05 09:08:48,403 - ERROR - Error in getting strategy params: [Errno 2] No such file or directory: 'settings\\ticker_data.json'
2025-08-05 09:08:58,405 - ERROR - Error in getting strategy params: [Errno 2] No such file or directory: 'settings\\ticker_data.json'
2025-08-05 09:09:08,405 - ERROR - Error in getting strategy params: [Errno 2] No such file or directory: 'settings\\ticker_data.json'
2025-08-05 09:09:18,405 - ERROR - Error in getting strategy params: [Errno 2] No such file or directory: 'settings\\ticker_data.json'
2025-08-05 09:09:28,406 - ERROR - Error in getting strategy params: [Errno 2] No such file or directory: 'settings\\ticker_data.json'
2025-08-05 09:09:38,407 - ERROR - Error in getting strategy params: [Errno 2] No such file or directory: 'settings\\ticker_data.json'
2025-08-05 09:09:48,407 - ERROR - Error in getting strategy params: [Errno 2] No such file or directory: 'settings\\ticker_data.json'
2025-08-05 09:09:58,409 - ERROR - Error in getting strategy params: [Errno 2] No such file or directory: 'settings\\ticker_data.json'
2025-08-05 09:10:08,409 - ERROR - Error in getting strategy params: [Errno 2] No such file or directory: 'settings\\ticker_data.json'
2025-08-05 09:10:18,410 - ERROR - Error in getting strategy params: [Errno 2] No such file or directory: 'settings\\ticker_data.json'
2025-08-05 09:10:28,412 - ERROR - Error in getting strategy params: [Errno 2] No such file or directory: 'settings\\ticker_data.json'
2025-08-05 09:10:38,413 - ERROR - Error in getting strategy params: [Errno 2] No such file or directory: 'settings\\ticker_data.json'
2025-08-05 09:10:48,414 - ERROR - Error in getting strategy params: [Errno 2] No such file or directory: 'settings\\ticker_data.json'
2025-08-05 09:10:58,415 - ERROR - Error in getting strategy params: [Errno 2] No such file or directory: 'settings\\ticker_data.json'
2025-08-05 09:11:08,415 - ERROR - Error in getting strategy params: [Errno 2] No such file or directory: 'settings\\ticker_data.json'
2025-08-05 09:11:18,416 - ERROR - Error in getting strategy params: [Errno 2] No such file or directory: 'settings\\ticker_data.json'
2025-08-05 09:11:28,417 - ERROR - Error in getting strategy params: [Errno 2] No such file or directory: 'settings\\ticker_data.json'
2025-08-05 09:11:38,417 - ERROR - Error in getting strategy params: [Errno 2] No such file or directory: 'settings\\ticker_data.json'
2025-08-05 09:11:48,418 - ERROR - Error in getting strategy params: [Errno 2] No such file or directory: 'settings\\ticker_data.json'
2025-08-05 09:11:58,418 - ERROR - Error in getting strategy params: [Errno 2] No such file or directory: 'settings\\ticker_data.json'
2025-08-05 09:12:08,419 - ERROR - Error in getting strategy params: [Errno 2] No such file or directory: 'settings\\ticker_data.json'
2025-08-05 09:12:18,419 - ERROR - Error in getting strategy params: [Errno 2] No such file or directory: 'settings\\ticker_data.json'
2025-08-05 09:12:28,420 - ERROR - Error in getting strategy params: [Errno 2] No such file or directory: 'settings\\ticker_data.json'
2025-08-05 09:12:38,421 - ERROR - Error in getting strategy params: [Errno 2] No such file or directory: 'settings\\ticker_data.json'
2025-08-05 09:12:48,421 - ERROR - Error in getting strategy params: [Errno 2] No such file or directory: 'settings\\ticker_data.json'
2025-08-05 09:12:58,422 - ERROR - Error in getting strategy params: [Errno 2] No such file or directory: 'settings\\ticker_data.json'
2025-08-05 09:13:08,422 - ERROR - Error in getting strategy params: [Errno 2] No such file or directory: 'settings\\ticker_data.json'
2025-08-05 09:13:18,424 - ERROR - Error in getting strategy params: [Errno 2] No such file or directory: 'settings\\ticker_data.json'
2025-08-05 09:13:28,424 - ERROR - Error in getting strategy params: [Errno 2] No such file or directory: 'settings\\ticker_data.json'
2025-08-05 09:13:38,425 - ERROR - Error in getting strategy params: [Errno 2] No such file or directory: 'settings\\ticker_data.json'
2025-08-05 09:13:48,426 - ERROR - Error in getting strategy params: [Errno 2] No such file or directory: 'settings\\ticker_data.json'
2025-08-05 09:13:58,426 - ERROR - Error in getting strategy params: [Errno 2] No such file or directory: 'settings\\ticker_data.json'
2025-08-05 09:14:08,427 - ERROR - Error in getting strategy params: [Errno 2] No such file or directory: 'settings\\ticker_data.json'
2025-08-05 09:14:18,428 - ERROR - Error in getting strategy params: [Errno 2] No such file or directory: 'settings\\ticker_data.json'
2025-08-05 09:14:28,429 - ERROR - Error in getting strategy params: [Errno 2] No such file or directory: 'settings\\ticker_data.json'
2025-08-05 09:14:38,430 - ERROR - Error in getting strategy params: [Errno 2] No such file or directory: 'settings\\ticker_data.json'
2025-08-05 09:14:48,431 - ERROR - Error in getting strategy params: [Errno 2] No such file or directory: 'settings\\ticker_data.json'
2025-08-05 09:14:58,432 - ERROR - Error in getting strategy params: [Errno 2] No such file or directory: 'settings\\ticker_data.json'
2025-08-05 09:15:08,433 - ERROR - Error in getting strategy params: [Errno 2] No such file or directory: 'settings\\ticker_data.json'
2025-08-05 09:15:18,433 - ERROR - Error in getting strategy params: [Errno 2] No such file or directory: 'settings\\ticker_data.json'
2025-08-05 09:15:28,434 - ERROR - Error in getting strategy params: [Errno 2] No such file or directory: 'settings\\ticker_data.json'
2025-08-05 09:15:38,435 - ERROR - Error in getting strategy params: [Errno 2] No such file or directory: 'settings\\ticker_data.json'
2025-08-05 09:15:48,436 - ERROR - Error in getting strategy params: [Errno 2] No such file or directory: 'settings\\ticker_data.json'
2025-08-05 09:15:58,437 - ERROR - Error in getting strategy params: [Errno 2] No such file or directory: 'settings\\ticker_data.json'
2025-08-05 09:16:08,438 - ERROR - Error in getting strategy params: [Errno 2] No such file or directory: 'settings\\ticker_data.json'
2025-08-05 09:16:18,439 - ERROR - Error in getting strategy params: [Errno 2] No such file or directory: 'settings\\ticker_data.json'
2025-08-05 09:16:28,439 - ERROR - Error in getting strategy params: [Errno 2] No such file or directory: 'settings\\ticker_data.json'
2025-08-05 09:16:38,440 - ERROR - Error in getting strategy params: [Errno 2] No such file or directory: 'settings\\ticker_data.json'
2025-08-05 09:16:48,441 - ERROR - Error in getting strategy params: [Errno 2] No such file or directory: 'settings\\ticker_data.json'
2025-08-05 09:16:58,442 - ERROR - Error in getting strategy params: [Errno 2] No such file or directory: 'settings\\ticker_data.json'
2025-08-05 09:17:08,443 - ERROR - Error in getting strategy params: [Errno 2] No such file or directory: 'settings\\ticker_data.json'
2025-08-05 09:17:18,444 - ERROR - Error in getting strategy params: [Errno 2] No such file or directory: 'settings\\ticker_data.json'
2025-08-05 09:17:28,445 - ERROR - Error in getting strategy params: [Errno 2] No such file or directory: 'settings\\ticker_data.json'
2025-08-05 09:17:38,446 - ERROR - Error in getting strategy params: [Errno 2] No such file or directory: 'settings\\ticker_data.json'
2025-08-05 09:17:48,446 - ERROR - Error in getting strategy params: [Errno 2] No such file or directory: 'settings\\ticker_data.json'
2025-08-05 09:17:58,447 - ERROR - Error in getting strategy params: [Errno 2] No such file or directory: 'settings\\ticker_data.json'
2025-08-05 09:18:08,448 - ERROR - Error in getting strategy params: [Errno 2] No such file or directory: 'settings\\ticker_data.json'
2025-08-05 09:18:18,449 - ERROR - Error in getting strategy params: [Errno 2] No such file or directory: 'settings\\ticker_data.json'
2025-08-05 09:18:28,450 - ERROR - Error in getting strategy params: [Errno 2] No such file or directory: 'settings\\ticker_data.json'
2025-08-05 09:18:38,450 - ERROR - Error in getting strategy params: [Errno 2] No such file or directory: 'settings\\ticker_data.json'
2025-08-05 09:18:48,451 - ERROR - Error in getting strategy params: [Errno 2] No such file or directory: 'settings\\ticker_data.json'
2025-08-05 09:18:58,452 - ERROR - Error in getting strategy params: [Errno 2] No such file or directory: 'settings\\ticker_data.json'
2025-08-05 09:19:08,453 - ERROR - Error in getting strategy params: [Errno 2] No such file or directory: 'settings\\ticker_data.json'
2025-08-05 09:19:18,454 - ERROR - Error in getting strategy params: [Errno 2] No such file or directory: 'settings\\ticker_data.json'
2025-08-05 09:19:28,454 - ERROR - Error in getting strategy params: [Errno 2] No such file or directory: 'settings\\ticker_data.json'
2025-08-05 09:19:38,455 - ERROR - Error in getting strategy params: [Errno 2] No such file or directory: 'settings\\ticker_data.json'
2025-08-05 09:19:48,456 - ERROR - Error in getting strategy params: [Errno 2] No such file or directory: 'settings\\ticker_data.json'
2025-08-05 09:19:58,457 - ERROR - Error in getting strategy params: [Errno 2] No such file or directory: 'settings\\ticker_data.json'
2025-08-05 09:20:08,458 - ERROR - Error in getting strategy params: [Errno 2] No such file or directory: 'settings\\ticker_data.json'
2025-08-05 09:20:18,458 - ERROR - Error in getting strategy params: [Errno 2] No such file or directory: 'settings\\ticker_data.json'
2025-08-05 09:20:37,263 - ERROR - Error in getting strategy params: [Errno 2] No such file or directory: 'settings\\ticker_data.json'
2025-08-05 09:20:47,264 - ERROR - Error in getting strategy params: [Errno 2] No such file or directory: 'settings\\ticker_data.json'
2025-08-05 09:20:57,265 - ERROR - Error in getting strategy params: [Errno 2] No such file or directory: 'settings\\ticker_data.json'
2025-08-05 09:21:07,265 - ERROR - Error in getting strategy params: [Errno 2] No such file or directory: 'settings\\ticker_data.json'
2025-08-05 09:21:17,266 - ERROR - Error in getting strategy params: [Errno 2] No such file or directory: 'settings\\ticker_data.json'
2025-08-05 09:21:27,266 - ERROR - Error in getting strategy params: [Errno 2] No such file or directory: 'settings\\ticker_data.json'
2025-08-05 09:21:37,267 - ERROR - Error in getting strategy params: [Errno 2] No such file or directory: 'settings\\ticker_data.json'
2025-08-05 09:21:47,268 - ERROR - Error in getting strategy params: [Errno 2] No such file or directory: 'settings\\ticker_data.json'
2025-08-05 09:21:57,269 - ERROR - Error in getting strategy params: [Errno 2] No such file or directory: 'settings\\ticker_data.json'
2025-08-05 09:22:07,269 - ERROR - Error in getting strategy params: [Errno 2] No such file or directory: 'settings\\ticker_data.json'
2025-08-05 09:22:17,270 - ERROR - Error in getting strategy params: [Errno 2] No such file or directory: 'settings\\ticker_data.json'
2025-08-05 09:22:27,271 - ERROR - Error in getting strategy params: [Errno 2] No such file or directory: 'settings\\ticker_data.json'
2025-08-05 09:22:37,272 - ERROR - Error in getting strategy params: [Errno 2] No such file or directory: 'settings\\ticker_data.json'
2025-08-05 09:22:47,273 - ERROR - Error in getting strategy params: [Errno 2] No such file or directory: 'settings\\ticker_data.json'
2025-08-05 09:22:57,274 - ERROR - Error in getting strategy params: [Errno 2] No such file or directory: 'settings\\ticker_data.json'
2025-08-05 09:23:07,415 - ERROR - Error in getting strategy params: [Errno 2] No such file or directory: 'settings\\ticker_data.json'
2025-08-05 09:23:17,417 - ERROR - Error in getting strategy params: [Errno 2] No such file or directory: 'settings\\ticker_data.json'
2025-08-05 09:23:27,419 - ERROR - Error in getting strategy params: [Errno 2] No such file or directory: 'settings\\ticker_data.json'
2025-08-05 09:23:37,420 - ERROR - Error in getting strategy params: [Errno 2] No such file or directory: 'settings\\ticker_data.json'
2025-08-05 09:23:47,150 - ERROR - Error in getting strategy params: [Errno 2] No such file or directory: 'settings\\ticker_data.json'
2025-08-05 09:23:57,151 - ERROR - Error in getting strategy params: [Errno 2] No such file or directory: 'settings\\ticker_data.json'
2025-08-05 09:24:07,152 - ERROR - Error in getting strategy params: [Errno 2] No such file or directory: 'settings\\ticker_data.json'
2025-08-05 09:24:17,153 - ERROR - Error in getting strategy params: [Errno 2] No such file or directory: 'settings\\ticker_data.json'
2025-08-05 09:24:27,155 - ERROR - Error in getting strategy params: [Errno 2] No such file or directory: 'settings\\ticker_data.json'
2025-08-05 09:24:37,157 - ERROR - Error in getting strategy params: [Errno 2] No such file or directory: 'settings\\ticker_data.json'
2025-08-05 09:24:47,158 - ERROR - Error in getting strategy params: [Errno 2] No such file or directory: 'settings\\ticker_data.json'
2025-08-05 09:24:57,159 - ERROR - Error in getting strategy params: [Errno 2] No such file or directory: 'settings\\ticker_data.json'
2025-08-05 09:25:07,159 - ERROR - Error in getting strategy params: [Errno 2] No such file or directory: 'settings\\ticker_data.json'
2025-08-05 09:25:17,160 - ERROR - Error in getting strategy params: [Errno 2] No such file or directory: 'settings\\ticker_data.json'
2025-08-05 09:25:27,161 - ERROR - Error in getting strategy params: [Errno 2] No such file or directory: 'settings\\ticker_data.json'
2025-08-05 09:25:37,163 - ERROR - Error in getting strategy params: [Errno 2] No such file or directory: 'settings\\ticker_data.json'
2025-08-05 09:25:47,165 - ERROR - Error in getting strategy params: [Errno 2] No such file or directory: 'settings\\ticker_data.json'
2025-08-05 09:25:57,165 - ERROR - Error in getting strategy params: [Errno 2] No such file or directory: 'settings\\ticker_data.json'
2025-08-05 09:26:07,166 - ERROR - Error in getting strategy params: [Errno 2] No such file or directory: 'settings\\ticker_data.json'
2025-08-05 09:43:35,621 - INFO - Skipping strategy for NVDA, trade flag is FALSE.
2025-08-05 09:43:35,621 - ERROR - Error in strategy for NVDA: [Errno 2] No such file or directory: 'trades/NVDA.json'
Traceback (most recent call last):
  File "D:\work\work\Tim McKenna\Tim\backend\main_equities.py", line 42, in ema_strategy
    with open(
         ~~~~^
        f"trades/{ticker[1:] if '/' == ticker[0] else ticker}.json", "r"
        ^^^^^^^^^^^^^^^^^^^^^^^^^^^^^^^^^^^^^^^^^^^^^^^^^^^^^^^^^^^^^^^^
    ) as file:
    ^
FileNotFoundError: [Errno 2] No such file or directory: 'trades/NVDA.json'
2025-08-05 10:29:14,331 - INFO - Skipping strategy for NVDA, trade flag is FALSE.
