2025-08-05 09:03:38,348 - ERROR - Error in getting strategy params: [Errno 2] No such file or directory: 'settings\\ticker_data.json'
2025-08-05 09:03:48,349 - ERROR - Error in getting strategy params: [Errno 2] No such file or directory: 'settings\\ticker_data.json'
2025-08-05 09:03:58,350 - ERROR - Error in getting strategy params: [Errno 2] No such file or directory: 'settings\\ticker_data.json'
2025-08-05 09:04:08,351 - ERROR - Error in getting strategy params: [Errno 2] No such file or directory: 'settings\\ticker_data.json'
2025-08-05 09:04:18,352 - ERROR - Error in getting strategy params: [Errno 2] No such file or directory: 'settings\\ticker_data.json'
2025-08-05 09:04:28,353 - ERROR - Error in getting strategy params: [Errno 2] No such file or directory: 'settings\\ticker_data.json'
2025-08-05 09:04:38,379 - ERROR - Error in getting strategy params: [Errno 2] No such file or directory: 'settings\\ticker_data.json'
2025-08-05 09:04:48,380 - ERROR - Error in getting strategy params: [Errno 2] No such file or directory: 'settings\\ticker_data.json'
2025-08-05 09:04:58,381 - ERROR - Error in getting strategy params: [Errno 2] No such file or directory: 'settings\\ticker_data.json'
2025-08-05 09:05:08,382 - ERROR - Error in getting strategy params: [Errno 2] No such file or directory: 'settings\\ticker_data.json'
2025-08-05 09:05:18,382 - ERROR - Error in getting strategy params: [Errno 2] No such file or directory: 'settings\\ticker_data.json'
2025-08-05 09:05:28,383 - ERROR - Error in getting strategy params: [Errno 2] No such file or directory: 'settings\\ticker_data.json'
2025-08-05 09:05:38,385 - ERROR - Error in getting strategy params: [Errno 2] No such file or directory: 'settings\\ticker_data.json'
2025-08-05 09:05:48,386 - ERROR - Error in getting strategy params: [Errno 2] No such file or directory: 'settings\\ticker_data.json'
2025-08-05 09:05:58,387 - ERROR - Error in getting strategy params: [Errno 2] No such file or directory: 'settings\\ticker_data.json'
2025-08-05 09:06:08,388 - ERROR - Error in getting strategy params: [Errno 2] No such file or directory: 'settings\\ticker_data.json'
2025-08-05 09:06:18,389 - ERROR - Error in getting strategy params: [Errno 2] No such file or directory: 'settings\\ticker_data.json'
2025-08-05 09:06:28,389 - ERROR - Error in getting strategy params: [Errno 2] No such file or directory: 'settings\\ticker_data.json'
2025-08-05 09:06:38,391 - ERROR - Error in getting strategy params: [Errno 2] No such file or directory: 'settings\\ticker_data.json'
2025-08-05 09:06:48,393 - ERROR - Error in getting strategy params: [Errno 2] No such file or directory: 'settings\\ticker_data.json'
2025-08-05 09:06:58,393 - ERROR - Error in getting strategy params: [Errno 2] No such file or directory: 'settings\\ticker_data.json'
2025-08-05 09:07:08,394 - ERROR - Error in getting strategy params: [Errno 2] No such file or directory: 'settings\\ticker_data.json'
2025-08-05 09:07:18,395 - ERROR - Error in getting strategy params: [Errno 2] No such file or directory: 'settings\\ticker_data.json'
2025-08-05 09:07:28,396 - ERROR - Error in getting strategy params: [Errno 2] No such file or directory: 'settings\\ticker_data.json'
2025-08-05 09:07:38,397 - ERROR - Error in getting strategy params: [Errno 2] No such file or directory: 'settings\\ticker_data.json'
2025-08-05 09:07:48,398 - ERROR - Error in getting strategy params: [Errno 2] No such file or directory: 'settings\\ticker_data.json'
2025-08-05 09:07:58,399 - ERROR - Error in getting strategy params: [Errno 2] No such file or directory: 'settings\\ticker_data.json'
2025-08-05 09:08:08,400 - ERROR - Error in getting strategy params: [Errno 2] No such file or directory: 'settings\\ticker_data.json'
2025-08-05 09:08:18,401 - ERROR - Error in getting strategy params: [Errno 2] No such file or directory: 'settings\\ticker_data.json'
2025-08-05 09:08:28,402 - ERROR - Error in getting strategy params: [Errno 2] No such file or directory: 'settings\\ticker_data.json'
2025-08-05 09:08:38,402 - ERROR - Error in getting strategy params: [Errno 2] No such file or directory: 'settings\\ticker_data.json'
2025-08-05 09:08:48,404 - ERROR - Error in getting strategy params: [Errno 2] No such file or directory: 'settings\\ticker_data.json'
2025-08-05 09:08:58,405 - ERROR - Error in getting strategy params: [Errno 2] No such file or directory: 'settings\\ticker_data.json'
2025-08-05 09:09:08,406 - ERROR - Error in getting strategy params: [Errno 2] No such file or directory: 'settings\\ticker_data.json'
2025-08-05 09:09:18,406 - ERROR - Error in getting strategy params: [Errno 2] No such file or directory: 'settings\\ticker_data.json'
2025-08-05 09:09:28,407 - ERROR - Error in getting strategy params: [Errno 2] No such file or directory: 'settings\\ticker_data.json'
2025-08-05 09:09:38,408 - ERROR - Error in getting strategy params: [Errno 2] No such file or directory: 'settings\\ticker_data.json'
2025-08-05 09:09:48,409 - ERROR - Error in getting strategy params: [Errno 2] No such file or directory: 'settings\\ticker_data.json'
2025-08-05 09:09:58,409 - ERROR - Error in getting strategy params: [Errno 2] No such file or directory: 'settings\\ticker_data.json'
2025-08-05 09:10:08,411 - ERROR - Error in getting strategy params: [Errno 2] No such file or directory: 'settings\\ticker_data.json'
2025-08-05 09:10:18,412 - ERROR - Error in getting strategy params: [Errno 2] No such file or directory: 'settings\\ticker_data.json'
2025-08-05 09:10:28,413 - ERROR - Error in getting strategy params: [Errno 2] No such file or directory: 'settings\\ticker_data.json'
2025-08-05 09:10:38,414 - ERROR - Error in getting strategy params: [Errno 2] No such file or directory: 'settings\\ticker_data.json'
2025-08-05 09:10:48,415 - ERROR - Error in getting strategy params: [Errno 2] No such file or directory: 'settings\\ticker_data.json'
2025-08-05 09:10:58,416 - ERROR - Error in getting strategy params: [Errno 2] No such file or directory: 'settings\\ticker_data.json'
2025-08-05 09:11:08,416 - ERROR - Error in getting strategy params: [Errno 2] No such file or directory: 'settings\\ticker_data.json'
2025-08-05 09:11:18,418 - ERROR - Error in getting strategy params: [Errno 2] No such file or directory: 'settings\\ticker_data.json'
2025-08-05 09:11:28,419 - ERROR - Error in getting strategy params: [Errno 2] No such file or directory: 'settings\\ticker_data.json'
2025-08-05 09:11:38,419 - ERROR - Error in getting strategy params: [Errno 2] No such file or directory: 'settings\\ticker_data.json'
2025-08-05 09:11:48,420 - ERROR - Error in getting strategy params: [Errno 2] No such file or directory: 'settings\\ticker_data.json'
2025-08-05 09:11:58,420 - ERROR - Error in getting strategy params: [Errno 2] No such file or directory: 'settings\\ticker_data.json'
2025-08-05 09:12:08,421 - ERROR - Error in getting strategy params: [Errno 2] No such file or directory: 'settings\\ticker_data.json'
2025-08-05 09:12:18,422 - ERROR - Error in getting strategy params: [Errno 2] No such file or directory: 'settings\\ticker_data.json'
2025-08-05 09:12:28,422 - ERROR - Error in getting strategy params: [Errno 2] No such file or directory: 'settings\\ticker_data.json'
2025-08-05 09:12:38,424 - ERROR - Error in getting strategy params: [Errno 2] No such file or directory: 'settings\\ticker_data.json'
2025-08-05 09:12:48,425 - ERROR - Error in getting strategy params: [Errno 2] No such file or directory: 'settings\\ticker_data.json'
2025-08-05 09:12:58,426 - ERROR - Error in getting strategy params: [Errno 2] No such file or directory: 'settings\\ticker_data.json'
2025-08-05 09:13:08,426 - ERROR - Error in getting strategy params: [Errno 2] No such file or directory: 'settings\\ticker_data.json'
2025-08-05 09:13:18,426 - ERROR - Error in getting strategy params: [Errno 2] No such file or directory: 'settings\\ticker_data.json'
2025-08-05 09:13:28,428 - ERROR - Error in getting strategy params: [Errno 2] No such file or directory: 'settings\\ticker_data.json'
2025-08-05 09:13:38,428 - ERROR - Error in getting strategy params: [Errno 2] No such file or directory: 'settings\\ticker_data.json'
2025-08-05 09:13:48,429 - ERROR - Error in getting strategy params: [Errno 2] No such file or directory: 'settings\\ticker_data.json'
2025-08-05 09:13:58,430 - ERROR - Error in getting strategy params: [Errno 2] No such file or directory: 'settings\\ticker_data.json'
2025-08-05 09:14:08,430 - ERROR - Error in getting strategy params: [Errno 2] No such file or directory: 'settings\\ticker_data.json'
2025-08-05 09:14:18,431 - ERROR - Error in getting strategy params: [Errno 2] No such file or directory: 'settings\\ticker_data.json'
2025-08-05 09:14:28,433 - ERROR - Error in getting strategy params: [Errno 2] No such file or directory: 'settings\\ticker_data.json'
2025-08-05 09:14:38,434 - ERROR - Error in getting strategy params: [Errno 2] No such file or directory: 'settings\\ticker_data.json'
2025-08-05 09:14:48,435 - ERROR - Error in getting strategy params: [Errno 2] No such file or directory: 'settings\\ticker_data.json'
2025-08-05 09:14:58,435 - ERROR - Error in getting strategy params: [Errno 2] No such file or directory: 'settings\\ticker_data.json'
2025-08-05 09:15:08,436 - ERROR - Error in getting strategy params: [Errno 2] No such file or directory: 'settings\\ticker_data.json'
2025-08-05 09:15:18,437 - ERROR - Error in getting strategy params: [Errno 2] No such file or directory: 'settings\\ticker_data.json'
2025-08-05 09:15:28,438 - ERROR - Error in getting strategy params: [Errno 2] No such file or directory: 'settings\\ticker_data.json'
2025-08-05 09:15:38,438 - ERROR - Error in getting strategy params: [Errno 2] No such file or directory: 'settings\\ticker_data.json'
2025-08-05 09:15:48,439 - ERROR - Error in getting strategy params: [Errno 2] No such file or directory: 'settings\\ticker_data.json'
2025-08-05 09:15:58,439 - ERROR - Error in getting strategy params: [Errno 2] No such file or directory: 'settings\\ticker_data.json'
2025-08-05 09:16:08,440 - ERROR - Error in getting strategy params: [Errno 2] No such file or directory: 'settings\\ticker_data.json'
2025-08-05 09:16:18,441 - ERROR - Error in getting strategy params: [Errno 2] No such file or directory: 'settings\\ticker_data.json'
2025-08-05 09:16:28,441 - ERROR - Error in getting strategy params: [Errno 2] No such file or directory: 'settings\\ticker_data.json'
2025-08-05 09:16:38,442 - ERROR - Error in getting strategy params: [Errno 2] No such file or directory: 'settings\\ticker_data.json'
2025-08-05 09:16:48,442 - ERROR - Error in getting strategy params: [Errno 2] No such file or directory: 'settings\\ticker_data.json'
2025-08-05 09:16:58,442 - ERROR - Error in getting strategy params: [Errno 2] No such file or directory: 'settings\\ticker_data.json'
2025-08-05 09:17:08,443 - ERROR - Error in getting strategy params: [Errno 2] No such file or directory: 'settings\\ticker_data.json'
2025-08-05 09:17:18,444 - ERROR - Error in getting strategy params: [Errno 2] No such file or directory: 'settings\\ticker_data.json'
2025-08-05 09:17:28,445 - ERROR - Error in getting strategy params: [Errno 2] No such file or directory: 'settings\\ticker_data.json'
2025-08-05 09:17:38,446 - ERROR - Error in getting strategy params: [Errno 2] No such file or directory: 'settings\\ticker_data.json'
2025-08-05 09:17:48,447 - ERROR - Error in getting strategy params: [Errno 2] No such file or directory: 'settings\\ticker_data.json'
2025-08-05 09:17:58,448 - ERROR - Error in getting strategy params: [Errno 2] No such file or directory: 'settings\\ticker_data.json'
2025-08-05 09:18:08,449 - ERROR - Error in getting strategy params: [Errno 2] No such file or directory: 'settings\\ticker_data.json'
2025-08-05 09:18:18,450 - ERROR - Error in getting strategy params: [Errno 2] No such file or directory: 'settings\\ticker_data.json'
2025-08-05 09:18:28,451 - ERROR - Error in getting strategy params: [Errno 2] No such file or directory: 'settings\\ticker_data.json'
2025-08-05 09:18:38,451 - ERROR - Error in getting strategy params: [Errno 2] No such file or directory: 'settings\\ticker_data.json'
2025-08-05 09:18:48,453 - ERROR - Error in getting strategy params: [Errno 2] No such file or directory: 'settings\\ticker_data.json'
2025-08-05 09:18:58,453 - ERROR - Error in getting strategy params: [Errno 2] No such file or directory: 'settings\\ticker_data.json'
2025-08-05 09:19:08,454 - ERROR - Error in getting strategy params: [Errno 2] No such file or directory: 'settings\\ticker_data.json'
2025-08-05 09:19:18,455 - ERROR - Error in getting strategy params: [Errno 2] No such file or directory: 'settings\\ticker_data.json'
2025-08-05 09:19:28,455 - ERROR - Error in getting strategy params: [Errno 2] No such file or directory: 'settings\\ticker_data.json'
2025-08-05 09:19:38,456 - ERROR - Error in getting strategy params: [Errno 2] No such file or directory: 'settings\\ticker_data.json'
2025-08-05 09:19:48,457 - ERROR - Error in getting strategy params: [Errno 2] No such file or directory: 'settings\\ticker_data.json'
2025-08-05 09:19:58,458 - ERROR - Error in getting strategy params: [Errno 2] No such file or directory: 'settings\\ticker_data.json'
2025-08-05 09:20:08,459 - ERROR - Error in getting strategy params: [Errno 2] No such file or directory: 'settings\\ticker_data.json'
2025-08-05 09:20:18,459 - ERROR - Error in getting strategy params: [Errno 2] No such file or directory: 'settings\\ticker_data.json'
2025-08-05 09:20:37,264 - ERROR - Error in getting strategy params: [Errno 2] No such file or directory: 'settings\\ticker_data.json'
2025-08-05 09:20:47,266 - ERROR - Error in getting strategy params: [Errno 2] No such file or directory: 'settings\\ticker_data.json'
2025-08-05 09:20:57,266 - ERROR - Error in getting strategy params: [Errno 2] No such file or directory: 'settings\\ticker_data.json'
2025-08-05 09:21:07,267 - ERROR - Error in getting strategy params: [Errno 2] No such file or directory: 'settings\\ticker_data.json'
2025-08-05 09:21:17,267 - ERROR - Error in getting strategy params: [Errno 2] No such file or directory: 'settings\\ticker_data.json'
2025-08-05 09:21:27,268 - ERROR - Error in getting strategy params: [Errno 2] No such file or directory: 'settings\\ticker_data.json'
2025-08-05 09:21:37,268 - ERROR - Error in getting strategy params: [Errno 2] No such file or directory: 'settings\\ticker_data.json'
2025-08-05 09:21:47,269 - ERROR - Error in getting strategy params: [Errno 2] No such file or directory: 'settings\\ticker_data.json'
2025-08-05 09:21:57,269 - ERROR - Error in getting strategy params: [Errno 2] No such file or directory: 'settings\\ticker_data.json'
2025-08-05 09:22:07,271 - ERROR - Error in getting strategy params: [Errno 2] No such file or directory: 'settings\\ticker_data.json'
2025-08-05 09:22:17,272 - ERROR - Error in getting strategy params: [Errno 2] No such file or directory: 'settings\\ticker_data.json'
2025-08-05 09:22:27,272 - ERROR - Error in getting strategy params: [Errno 2] No such file or directory: 'settings\\ticker_data.json'
2025-08-05 09:22:37,273 - ERROR - Error in getting strategy params: [Errno 2] No such file or directory: 'settings\\ticker_data.json'
2025-08-05 09:22:47,274 - ERROR - Error in getting strategy params: [Errno 2] No such file or directory: 'settings\\ticker_data.json'
2025-08-05 09:22:57,275 - ERROR - Error in getting strategy params: [Errno 2] No such file or directory: 'settings\\ticker_data.json'
2025-08-05 09:23:07,415 - ERROR - Error in getting strategy params: [Errno 2] No such file or directory: 'settings\\ticker_data.json'
2025-08-05 09:23:17,416 - ERROR - Error in getting strategy params: [Errno 2] No such file or directory: 'settings\\ticker_data.json'
2025-08-05 09:23:27,417 - ERROR - Error in getting strategy params: [Errno 2] No such file or directory: 'settings\\ticker_data.json'
2025-08-05 09:23:37,418 - ERROR - Error in getting strategy params: [Errno 2] No such file or directory: 'settings\\ticker_data.json'
2025-08-05 09:23:47,151 - ERROR - Error in getting strategy params: [Errno 2] No such file or directory: 'settings\\ticker_data.json'
2025-08-05 09:23:57,152 - ERROR - Error in getting strategy params: [Errno 2] No such file or directory: 'settings\\ticker_data.json'
2025-08-05 09:24:07,153 - ERROR - Error in getting strategy params: [Errno 2] No such file or directory: 'settings\\ticker_data.json'
2025-08-05 09:24:17,154 - ERROR - Error in getting strategy params: [Errno 2] No such file or directory: 'settings\\ticker_data.json'
2025-08-05 09:24:27,155 - ERROR - Error in getting strategy params: [Errno 2] No such file or directory: 'settings\\ticker_data.json'
2025-08-05 09:24:37,156 - ERROR - Error in getting strategy params: [Errno 2] No such file or directory: 'settings\\ticker_data.json'
2025-08-05 09:24:47,156 - ERROR - Error in getting strategy params: [Errno 2] No such file or directory: 'settings\\ticker_data.json'
2025-08-05 09:24:57,157 - ERROR - Error in getting strategy params: [Errno 2] No such file or directory: 'settings\\ticker_data.json'
2025-08-05 09:25:07,158 - ERROR - Error in getting strategy params: [Errno 2] No such file or directory: 'settings\\ticker_data.json'
2025-08-05 09:25:17,159 - ERROR - Error in getting strategy params: [Errno 2] No such file or directory: 'settings\\ticker_data.json'
2025-08-05 09:25:27,160 - ERROR - Error in getting strategy params: [Errno 2] No such file or directory: 'settings\\ticker_data.json'
2025-08-05 09:25:37,161 - ERROR - Error in getting strategy params: [Errno 2] No such file or directory: 'settings\\ticker_data.json'
2025-08-05 09:25:47,162 - ERROR - Error in getting strategy params: [Errno 2] No such file or directory: 'settings\\ticker_data.json'
2025-08-05 09:25:57,163 - ERROR - Error in getting strategy params: [Errno 2] No such file or directory: 'settings\\ticker_data.json'
2025-08-05 09:26:07,165 - ERROR - Error in getting strategy params: [Errno 2] No such file or directory: 'settings\\ticker_data.json'
2025-08-05 09:43:35,635 - INFO - Skipping strategy for /RTY, trade flag is FALSE.
2025-08-05 09:43:35,636 - ERROR - Error in strategy for /RTY: [Errno 2] No such file or directory: 'trades/RTY.json'
Traceback (most recent call last):
  File "D:\work\work\Tim McKenna\Tim\backend\main_equities.py", line 42, in ema_strategy
    with open(
         ~~~~^
        f"trades/{ticker[1:] if '/' == ticker[0] else ticker}.json", "r"
        ^^^^^^^^^^^^^^^^^^^^^^^^^^^^^^^^^^^^^^^^^^^^^^^^^^^^^^^^^^^^^^^^
    ) as file:
    ^
FileNotFoundError: [Errno 2] No such file or directory: 'trades/RTY.json'
2025-08-05 09:43:36,530 - ERROR - Error in main loop for /RTY: get_strategy_prarams() missing 1 required positional argument: 'logger'
Traceback (most recent call last):
  File "D:\work\work\Tim McKenna\Tim\backend\main_equities.py", line 702, in main_strategy_loop
    [timeframe, *_] = get_strategy_prarams(ticker, logger)
                      ~~~~~~~~~~~~~~~~~~~~^^^^^^^^^^^^^^^^
TypeError: get_strategy_prarams() missing 1 required positional argument: 'logger'
2025-08-05 10:29:14,390 - INFO - Skipping strategy for /RTY, trade flag is FALSE.
2025-08-05 10:29:15,178 - ERROR - Error in main loop for /RTY: get_strategy_prarams() missing 1 required positional argument: 'logger'
Traceback (most recent call last):
  File "D:\work\work\Tim McKenna\Tim\backend\main_equities.py", line 706, in main_strategy_loop
    [timeframe, *_] = get_strategy_prarams(ticker, logger)
                      ~~~~~~~~~~~~~~~~~~~~^^^^^^^^^^^^^^^^
TypeError: get_strategy_prarams() missing 1 required positional argument: 'logger'
2025-08-07 04:47:39,844 - INFO - Running strategy for /RTY at 2025-08-06 21:47:39.844957-04:00 with params: QTY=4, TRENDS=(1, EMA), (1, EMA)
2025-08-07 04:47:39,925 - ERROR - Error in strategy for /RTY: [Errno 2] No such file or directory: 'trades/RTY.json'
Traceback (most recent call last):
  File "D:\work\work\Tim McKenna\Tim\backend\main_equities.py", line 67, in ema_strategy
    with open(
         ~~~~^
        f"trades/{ticker[1:] if '/' == ticker[0] else ticker}.json", "r"
        ^^^^^^^^^^^^^^^^^^^^^^^^^^^^^^^^^^^^^^^^^^^^^^^^^^^^^^^^^^^^^^^^
    ) as file:
    ^
FileNotFoundError: [Errno 2] No such file or directory: 'trades/RTY.json'
2025-08-07 04:47:40,617 - ERROR - Error in main loop for /RTY: get_strategy_prarams() missing 1 required positional argument: 'logger'
Traceback (most recent call last):
  File "D:\work\work\Tim McKenna\Tim\backend\main_equities.py", line 709, in main_strategy_loop
    [timeframe, *_] = get_strategy_prarams(ticker, logger)
                      ~~~~~~~~~~~~~~~~~~~~^^^^^^^^^^^^^^^^
TypeError: get_strategy_prarams() missing 1 required positional argument: 'logger'
2025-08-07 04:54:57,053 - INFO - Running strategy for /RTY at 2025-08-06 21:54:57.053408-04:00 with params: QTY=4, TRENDS=(1, EMA), (1, EMA)
2025-08-07 04:54:57,054 - ERROR - Error in strategy for /RTY: [Errno 2] No such file or directory: 'trades/RTY.json'
Traceback (most recent call last):
  File "D:\work\work\Tim McKenna\Tim\backend\main_equities.py", line 63, in ema_strategy
    with open(
         ~~~~^
        f"trades/{ticker[1:] if '/' == ticker[0] else ticker}.json", "r"
        ^^^^^^^^^^^^^^^^^^^^^^^^^^^^^^^^^^^^^^^^^^^^^^^^^^^^^^^^^^^^^^^^
    ) as file:
    ^
FileNotFoundError: [Errno 2] No such file or directory: 'trades/RTY.json'
2025-08-07 04:54:57,583 - ERROR - Error in main loop for /RTY: get_strategy_prarams() missing 1 required positional argument: 'logger'
Traceback (most recent call last):
  File "D:\work\work\Tim McKenna\Tim\backend\main_equities.py", line 702, in main_strategy_loop
    [timeframe, *_] = get_strategy_prarams(ticker, logger)
                      ~~~~~~~~~~~~~~~~~~~~^^^^^^^^^^^^^^^^
TypeError: get_strategy_prarams() missing 1 required positional argument: 'logger'
2025-08-07 05:02:56,015 - INFO - Running strategy for /RTY at 2025-08-06 22:02:56.015553-04:00 with params: QTY=4, TRENDS=(1, EMA), (1, EMA)
2025-08-07 05:02:56,015 - ERROR - Error in strategy for /RTY: [Errno 2] No such file or directory: 'trades/RTY.json'
Traceback (most recent call last):
  File "D:\work\work\Tim McKenna\Tim\backend\main_equities.py", line 63, in ema_strategy
    with open(
         ~~~~^
        f"trades/{ticker[1:] if '/' == ticker[0] else ticker}.json", "r"
        ^^^^^^^^^^^^^^^^^^^^^^^^^^^^^^^^^^^^^^^^^^^^^^^^^^^^^^^^^^^^^^^^
    ) as file:
    ^
FileNotFoundError: [Errno 2] No such file or directory: 'trades/RTY.json'
2025-08-07 05:02:56,607 - ERROR - Error in main loop for /RTY: get_strategy_prarams() missing 1 required positional argument: 'logger'
Traceback (most recent call last):
  File "D:\work\work\Tim McKenna\Tim\backend\main_equities.py", line 702, in main_strategy_loop
    [timeframe, *_] = get_strategy_prarams(ticker, logger)
                      ~~~~~~~~~~~~~~~~~~~~^^^^^^^^^^^^^^^^
TypeError: get_strategy_prarams() missing 1 required positional argument: 'logger'
