2025-08-05 09:03:38,347 - ERROR - Error in getting strategy params: [Errno 2] No such file or directory: 'settings\\ticker_data.json'
2025-08-05 09:03:48,348 - ERROR - Error in getting strategy params: [Errno 2] No such file or directory: 'settings\\ticker_data.json'
2025-08-05 09:03:58,349 - ERROR - Error in getting strategy params: [Errno 2] No such file or directory: 'settings\\ticker_data.json'
2025-08-05 09:04:08,349 - ERROR - Error in getting strategy params: [Errno 2] No such file or directory: 'settings\\ticker_data.json'
2025-08-05 09:04:18,350 - ERROR - Error in getting strategy params: [Errno 2] No such file or directory: 'settings\\ticker_data.json'
2025-08-05 09:04:28,351 - ERROR - Error in getting strategy params: [Errno 2] No such file or directory: 'settings\\ticker_data.json'
2025-08-05 09:04:38,353 - ERROR - Error in getting strategy params: [Errno 2] No such file or directory: 'settings\\ticker_data.json'
2025-08-05 09:04:48,353 - ERROR - Error in getting strategy params: [Errno 2] No such file or directory: 'settings\\ticker_data.json'
2025-08-05 09:04:58,354 - ERROR - Error in getting strategy params: [Errno 2] No such file or directory: 'settings\\ticker_data.json'
2025-08-05 09:05:08,355 - ERROR - Error in getting strategy params: [Errno 2] No such file or directory: 'settings\\ticker_data.json'
2025-08-05 09:05:18,356 - ERROR - Error in getting strategy params: [Errno 2] No such file or directory: 'settings\\ticker_data.json'
2025-08-05 09:05:28,357 - ERROR - Error in getting strategy params: [Errno 2] No such file or directory: 'settings\\ticker_data.json'
2025-08-05 09:05:38,358 - ERROR - Error in getting strategy params: [Errno 2] No such file or directory: 'settings\\ticker_data.json'
2025-08-05 09:05:48,358 - ERROR - Error in getting strategy params: [Errno 2] No such file or directory: 'settings\\ticker_data.json'
2025-08-05 09:05:58,359 - ERROR - Error in getting strategy params: [Errno 2] No such file or directory: 'settings\\ticker_data.json'
2025-08-05 09:06:08,360 - ERROR - Error in getting strategy params: [Errno 2] No such file or directory: 'settings\\ticker_data.json'
2025-08-05 09:06:18,360 - ERROR - Error in getting strategy params: [Errno 2] No such file or directory: 'settings\\ticker_data.json'
2025-08-05 09:06:28,361 - ERROR - Error in getting strategy params: [Errno 2] No such file or directory: 'settings\\ticker_data.json'
2025-08-05 09:06:38,363 - ERROR - Error in getting strategy params: [Errno 2] No such file or directory: 'settings\\ticker_data.json'
2025-08-05 09:06:48,363 - ERROR - Error in getting strategy params: [Errno 2] No such file or directory: 'settings\\ticker_data.json'
2025-08-05 09:06:58,365 - ERROR - Error in getting strategy params: [Errno 2] No such file or directory: 'settings\\ticker_data.json'
2025-08-05 09:07:08,366 - ERROR - Error in getting strategy params: [Errno 2] No such file or directory: 'settings\\ticker_data.json'
2025-08-05 09:07:18,366 - ERROR - Error in getting strategy params: [Errno 2] No such file or directory: 'settings\\ticker_data.json'
2025-08-05 09:07:28,367 - ERROR - Error in getting strategy params: [Errno 2] No such file or directory: 'settings\\ticker_data.json'
2025-08-05 09:07:38,368 - ERROR - Error in getting strategy params: [Errno 2] No such file or directory: 'settings\\ticker_data.json'
2025-08-05 09:07:48,369 - ERROR - Error in getting strategy params: [Errno 2] No such file or directory: 'settings\\ticker_data.json'
2025-08-05 09:07:58,370 - ERROR - Error in getting strategy params: [Errno 2] No such file or directory: 'settings\\ticker_data.json'
2025-08-05 09:08:08,371 - ERROR - Error in getting strategy params: [Errno 2] No such file or directory: 'settings\\ticker_data.json'
2025-08-05 09:08:18,372 - ERROR - Error in getting strategy params: [Errno 2] No such file or directory: 'settings\\ticker_data.json'
2025-08-05 09:08:28,372 - ERROR - Error in getting strategy params: [Errno 2] No such file or directory: 'settings\\ticker_data.json'
2025-08-05 09:08:38,373 - ERROR - Error in getting strategy params: [Errno 2] No such file or directory: 'settings\\ticker_data.json'
2025-08-05 09:08:48,374 - ERROR - Error in getting strategy params: [Errno 2] No such file or directory: 'settings\\ticker_data.json'
2025-08-05 09:08:58,375 - ERROR - Error in getting strategy params: [Errno 2] No such file or directory: 'settings\\ticker_data.json'
2025-08-05 09:09:08,377 - ERROR - Error in getting strategy params: [Errno 2] No such file or directory: 'settings\\ticker_data.json'
2025-08-05 09:09:18,378 - ERROR - Error in getting strategy params: [Errno 2] No such file or directory: 'settings\\ticker_data.json'
2025-08-05 09:09:28,379 - ERROR - Error in getting strategy params: [Errno 2] No such file or directory: 'settings\\ticker_data.json'
2025-08-05 09:09:38,380 - ERROR - Error in getting strategy params: [Errno 2] No such file or directory: 'settings\\ticker_data.json'
2025-08-05 09:09:48,381 - ERROR - Error in getting strategy params: [Errno 2] No such file or directory: 'settings\\ticker_data.json'
2025-08-05 09:09:58,382 - ERROR - Error in getting strategy params: [Errno 2] No such file or directory: 'settings\\ticker_data.json'
2025-08-05 09:10:08,383 - ERROR - Error in getting strategy params: [Errno 2] No such file or directory: 'settings\\ticker_data.json'
2025-08-05 09:10:18,383 - ERROR - Error in getting strategy params: [Errno 2] No such file or directory: 'settings\\ticker_data.json'
2025-08-05 09:10:28,384 - ERROR - Error in getting strategy params: [Errno 2] No such file or directory: 'settings\\ticker_data.json'
2025-08-05 09:10:38,384 - ERROR - Error in getting strategy params: [Errno 2] No such file or directory: 'settings\\ticker_data.json'
2025-08-05 09:10:48,386 - ERROR - Error in getting strategy params: [Errno 2] No such file or directory: 'settings\\ticker_data.json'
2025-08-05 09:10:58,387 - ERROR - Error in getting strategy params: [Errno 2] No such file or directory: 'settings\\ticker_data.json'
2025-08-05 09:11:08,389 - ERROR - Error in getting strategy params: [Errno 2] No such file or directory: 'settings\\ticker_data.json'
2025-08-05 09:11:18,390 - ERROR - Error in getting strategy params: [Errno 2] No such file or directory: 'settings\\ticker_data.json'
2025-08-05 09:11:28,391 - ERROR - Error in getting strategy params: [Errno 2] No such file or directory: 'settings\\ticker_data.json'
2025-08-05 09:11:38,392 - ERROR - Error in getting strategy params: [Errno 2] No such file or directory: 'settings\\ticker_data.json'
2025-08-05 09:11:48,393 - ERROR - Error in getting strategy params: [Errno 2] No such file or directory: 'settings\\ticker_data.json'
2025-08-05 09:11:58,394 - ERROR - Error in getting strategy params: [Errno 2] No such file or directory: 'settings\\ticker_data.json'
2025-08-05 09:12:08,395 - ERROR - Error in getting strategy params: [Errno 2] No such file or directory: 'settings\\ticker_data.json'
2025-08-05 09:12:18,396 - ERROR - Error in getting strategy params: [Errno 2] No such file or directory: 'settings\\ticker_data.json'
2025-08-05 09:12:28,397 - ERROR - Error in getting strategy params: [Errno 2] No such file or directory: 'settings\\ticker_data.json'
2025-08-05 09:12:38,398 - ERROR - Error in getting strategy params: [Errno 2] No such file or directory: 'settings\\ticker_data.json'
2025-08-05 09:12:48,399 - ERROR - Error in getting strategy params: [Errno 2] No such file or directory: 'settings\\ticker_data.json'
2025-08-05 09:12:58,401 - ERROR - Error in getting strategy params: [Errno 2] No such file or directory: 'settings\\ticker_data.json'
2025-08-05 09:13:08,402 - ERROR - Error in getting strategy params: [Errno 2] No such file or directory: 'settings\\ticker_data.json'
2025-08-05 09:13:18,402 - ERROR - Error in getting strategy params: [Errno 2] No such file or directory: 'settings\\ticker_data.json'
2025-08-05 09:13:28,403 - ERROR - Error in getting strategy params: [Errno 2] No such file or directory: 'settings\\ticker_data.json'
2025-08-05 09:13:38,404 - ERROR - Error in getting strategy params: [Errno 2] No such file or directory: 'settings\\ticker_data.json'
2025-08-05 09:13:48,421 - ERROR - Error in getting strategy params: [Errno 2] No such file or directory: 'settings\\ticker_data.json'
2025-08-05 09:13:58,421 - ERROR - Error in getting strategy params: [Errno 2] No such file or directory: 'settings\\ticker_data.json'
2025-08-05 09:14:08,422 - ERROR - Error in getting strategy params: [Errno 2] No such file or directory: 'settings\\ticker_data.json'
2025-08-05 09:14:18,423 - ERROR - Error in getting strategy params: [Errno 2] No such file or directory: 'settings\\ticker_data.json'
2025-08-05 09:14:28,424 - ERROR - Error in getting strategy params: [Errno 2] No such file or directory: 'settings\\ticker_data.json'
2025-08-05 09:14:38,425 - ERROR - Error in getting strategy params: [Errno 2] No such file or directory: 'settings\\ticker_data.json'
2025-08-05 09:14:48,426 - ERROR - Error in getting strategy params: [Errno 2] No such file or directory: 'settings\\ticker_data.json'
2025-08-05 09:14:58,426 - ERROR - Error in getting strategy params: [Errno 2] No such file or directory: 'settings\\ticker_data.json'
2025-08-05 09:15:08,427 - ERROR - Error in getting strategy params: [Errno 2] No such file or directory: 'settings\\ticker_data.json'
2025-08-05 09:15:18,428 - ERROR - Error in getting strategy params: [Errno 2] No such file or directory: 'settings\\ticker_data.json'
2025-08-05 09:15:28,428 - ERROR - Error in getting strategy params: [Errno 2] No such file or directory: 'settings\\ticker_data.json'
2025-08-05 09:15:38,429 - ERROR - Error in getting strategy params: [Errno 2] No such file or directory: 'settings\\ticker_data.json'
2025-08-05 09:15:48,430 - ERROR - Error in getting strategy params: [Errno 2] No such file or directory: 'settings\\ticker_data.json'
2025-08-05 09:15:58,431 - ERROR - Error in getting strategy params: [Errno 2] No such file or directory: 'settings\\ticker_data.json'
2025-08-05 09:16:08,432 - ERROR - Error in getting strategy params: [Errno 2] No such file or directory: 'settings\\ticker_data.json'
2025-08-05 09:16:18,433 - ERROR - Error in getting strategy params: [Errno 2] No such file or directory: 'settings\\ticker_data.json'
2025-08-05 09:16:28,434 - ERROR - Error in getting strategy params: [Errno 2] No such file or directory: 'settings\\ticker_data.json'
2025-08-05 09:16:38,435 - ERROR - Error in getting strategy params: [Errno 2] No such file or directory: 'settings\\ticker_data.json'
2025-08-05 09:16:48,436 - ERROR - Error in getting strategy params: [Errno 2] No such file or directory: 'settings\\ticker_data.json'
2025-08-05 09:16:58,437 - ERROR - Error in getting strategy params: [Errno 2] No such file or directory: 'settings\\ticker_data.json'
2025-08-05 09:17:08,437 - ERROR - Error in getting strategy params: [Errno 2] No such file or directory: 'settings\\ticker_data.json'
2025-08-05 09:17:18,439 - ERROR - Error in getting strategy params: [Errno 2] No such file or directory: 'settings\\ticker_data.json'
2025-08-05 09:17:28,440 - ERROR - Error in getting strategy params: [Errno 2] No such file or directory: 'settings\\ticker_data.json'
2025-08-05 09:17:38,441 - ERROR - Error in getting strategy params: [Errno 2] No such file or directory: 'settings\\ticker_data.json'
2025-08-05 09:17:48,442 - ERROR - Error in getting strategy params: [Errno 2] No such file or directory: 'settings\\ticker_data.json'
2025-08-05 09:17:58,443 - ERROR - Error in getting strategy params: [Errno 2] No such file or directory: 'settings\\ticker_data.json'
2025-08-05 09:18:08,444 - ERROR - Error in getting strategy params: [Errno 2] No such file or directory: 'settings\\ticker_data.json'
2025-08-05 09:18:18,445 - ERROR - Error in getting strategy params: [Errno 2] No such file or directory: 'settings\\ticker_data.json'
2025-08-05 09:18:28,446 - ERROR - Error in getting strategy params: [Errno 2] No such file or directory: 'settings\\ticker_data.json'
2025-08-05 09:18:38,446 - ERROR - Error in getting strategy params: [Errno 2] No such file or directory: 'settings\\ticker_data.json'
2025-08-05 09:18:48,447 - ERROR - Error in getting strategy params: [Errno 2] No such file or directory: 'settings\\ticker_data.json'
2025-08-05 09:18:58,448 - ERROR - Error in getting strategy params: [Errno 2] No such file or directory: 'settings\\ticker_data.json'
2025-08-05 09:19:08,449 - ERROR - Error in getting strategy params: [Errno 2] No such file or directory: 'settings\\ticker_data.json'
2025-08-05 09:19:18,450 - ERROR - Error in getting strategy params: [Errno 2] No such file or directory: 'settings\\ticker_data.json'
2025-08-05 09:19:28,451 - ERROR - Error in getting strategy params: [Errno 2] No such file or directory: 'settings\\ticker_data.json'
2025-08-05 09:19:38,452 - ERROR - Error in getting strategy params: [Errno 2] No such file or directory: 'settings\\ticker_data.json'
2025-08-05 09:19:48,452 - ERROR - Error in getting strategy params: [Errno 2] No such file or directory: 'settings\\ticker_data.json'
2025-08-05 09:19:58,453 - ERROR - Error in getting strategy params: [Errno 2] No such file or directory: 'settings\\ticker_data.json'
2025-08-05 09:20:08,454 - ERROR - Error in getting strategy params: [Errno 2] No such file or directory: 'settings\\ticker_data.json'
2025-08-05 09:20:18,455 - ERROR - Error in getting strategy params: [Errno 2] No such file or directory: 'settings\\ticker_data.json'
2025-08-05 09:20:37,263 - ERROR - Error in getting strategy params: [Errno 2] No such file or directory: 'settings\\ticker_data.json'
2025-08-05 09:20:47,264 - ERROR - Error in getting strategy params: [Errno 2] No such file or directory: 'settings\\ticker_data.json'
2025-08-05 09:20:57,265 - ERROR - Error in getting strategy params: [Errno 2] No such file or directory: 'settings\\ticker_data.json'
2025-08-05 09:21:07,266 - ERROR - Error in getting strategy params: [Errno 2] No such file or directory: 'settings\\ticker_data.json'
2025-08-05 09:21:17,267 - ERROR - Error in getting strategy params: [Errno 2] No such file or directory: 'settings\\ticker_data.json'
2025-08-05 09:21:27,267 - ERROR - Error in getting strategy params: [Errno 2] No such file or directory: 'settings\\ticker_data.json'
2025-08-05 09:21:37,268 - ERROR - Error in getting strategy params: [Errno 2] No such file or directory: 'settings\\ticker_data.json'
2025-08-05 09:21:47,269 - ERROR - Error in getting strategy params: [Errno 2] No such file or directory: 'settings\\ticker_data.json'
2025-08-05 09:21:57,270 - ERROR - Error in getting strategy params: [Errno 2] No such file or directory: 'settings\\ticker_data.json'
2025-08-05 09:22:07,271 - ERROR - Error in getting strategy params: [Errno 2] No such file or directory: 'settings\\ticker_data.json'
2025-08-05 09:22:17,272 - ERROR - Error in getting strategy params: [Errno 2] No such file or directory: 'settings\\ticker_data.json'
2025-08-05 09:22:27,273 - ERROR - Error in getting strategy params: [Errno 2] No such file or directory: 'settings\\ticker_data.json'
2025-08-05 09:22:37,273 - ERROR - Error in getting strategy params: [Errno 2] No such file or directory: 'settings\\ticker_data.json'
2025-08-05 09:22:47,274 - ERROR - Error in getting strategy params: [Errno 2] No such file or directory: 'settings\\ticker_data.json'
2025-08-05 09:22:57,275 - ERROR - Error in getting strategy params: [Errno 2] No such file or directory: 'settings\\ticker_data.json'
2025-08-05 09:23:07,414 - ERROR - Error in getting strategy params: [Errno 2] No such file or directory: 'settings\\ticker_data.json'
2025-08-05 09:23:17,414 - ERROR - Error in getting strategy params: [Errno 2] No such file or directory: 'settings\\ticker_data.json'
2025-08-05 09:23:27,416 - ERROR - Error in getting strategy params: [Errno 2] No such file or directory: 'settings\\ticker_data.json'
2025-08-05 09:23:37,416 - ERROR - Error in getting strategy params: [Errno 2] No such file or directory: 'settings\\ticker_data.json'
2025-08-05 09:23:47,150 - ERROR - Error in getting strategy params: [Errno 2] No such file or directory: 'settings\\ticker_data.json'
2025-08-05 09:23:57,152 - ERROR - Error in getting strategy params: [Errno 2] No such file or directory: 'settings\\ticker_data.json'
2025-08-05 09:24:07,153 - ERROR - Error in getting strategy params: [Errno 2] No such file or directory: 'settings\\ticker_data.json'
2025-08-05 09:24:17,154 - ERROR - Error in getting strategy params: [Errno 2] No such file or directory: 'settings\\ticker_data.json'
2025-08-05 09:24:27,155 - ERROR - Error in getting strategy params: [Errno 2] No such file or directory: 'settings\\ticker_data.json'
2025-08-05 09:24:37,156 - ERROR - Error in getting strategy params: [Errno 2] No such file or directory: 'settings\\ticker_data.json'
2025-08-05 09:24:47,158 - ERROR - Error in getting strategy params: [Errno 2] No such file or directory: 'settings\\ticker_data.json'
2025-08-05 09:24:57,159 - ERROR - Error in getting strategy params: [Errno 2] No such file or directory: 'settings\\ticker_data.json'
2025-08-05 09:25:07,160 - ERROR - Error in getting strategy params: [Errno 2] No such file or directory: 'settings\\ticker_data.json'
2025-08-05 09:25:17,160 - ERROR - Error in getting strategy params: [Errno 2] No such file or directory: 'settings\\ticker_data.json'
2025-08-05 09:25:27,161 - ERROR - Error in getting strategy params: [Errno 2] No such file or directory: 'settings\\ticker_data.json'
2025-08-05 09:25:37,163 - ERROR - Error in getting strategy params: [Errno 2] No such file or directory: 'settings\\ticker_data.json'
2025-08-05 09:25:47,165 - ERROR - Error in getting strategy params: [Errno 2] No such file or directory: 'settings\\ticker_data.json'
2025-08-05 09:25:57,165 - ERROR - Error in getting strategy params: [Errno 2] No such file or directory: 'settings\\ticker_data.json'
2025-08-05 09:26:07,166 - ERROR - Error in getting strategy params: [Errno 2] No such file or directory: 'settings\\ticker_data.json'
2025-08-05 09:43:35,620 - INFO - Skipping strategy for TSLA, trade flag is FALSE.
2025-08-05 09:43:35,621 - ERROR - Error in strategy for TSLA: [Errno 2] No such file or directory: 'trades/TSLA.json'
Traceback (most recent call last):
  File "D:\work\work\Tim McKenna\Tim\backend\main_equities.py", line 42, in ema_strategy
    with open(
         ~~~~^
        f"trades/{ticker[1:] if '/' == ticker[0] else ticker}.json", "r"
        ^^^^^^^^^^^^^^^^^^^^^^^^^^^^^^^^^^^^^^^^^^^^^^^^^^^^^^^^^^^^^^^^
    ) as file:
    ^
FileNotFoundError: [Errno 2] No such file or directory: 'trades/TSLA.json'
2025-08-05 10:29:14,331 - INFO - Skipping strategy for TSLA, trade flag is FALSE.
